2025-09-16 16:37:04,922 - echoclip.utils.logging - INFO - add file handler
2025-09-16 16:37:04,923 - __main__ - INFO - `deterministic` flag: False
2025-09-16 16:37:07,641 - echoclip.utils.registry - INFO - Build obj: EchoCLIP
2025-09-16 16:37:07,641 - echoclip.models.echoclip - INFO - irrelevant kwargs: {'prompt_learner_cfg': {'type': 'PlainPromptLearner', 'num_ranks': 5, 'num_base_ranks': 3, 'num_tokens_per_rank': 10, 'num_context_tokens': 10, 'rank_tokens_position': 'tail', 'init_rank_path': 'datasets/classnames_num.txt', 'init_context': 'THE LEFT VENTRICULAR EJECTION FRACTION IS ESTIMATED TO BE', 'rank_specific_context': False, 'interpolation_type': 'linear'}}
2025-09-16 16:37:10,648 - __main__ - INFO - Start training.
2025-09-16 16:37:10,667 - echoclip.runner.runner - INFO - staged_lr_image_encoder activated
2025-09-16 16:37:10,672 - echoclip.runner.runner - INFO - staged_lr_image_encoder activated
2025-09-16 16:37:10,672 - echoclip.runner.runner - INFO - freeze_param(self.model.logit_scale)
2025-09-16 16:37:13,114 - echoclip.runner.runner - INFO - check optimizer `param_groups` lr @ epoch 0: {'Sequential_base': (5e-05, 1), 'Sequential_new': (5e-05, 0), 'abmil': (5e-05, 8), 'text_encoder': (5e-05, 149)}
2025-09-16 16:38:42,241 - echoclip.runner.runner - INFO - check optimizer `param_groups` lr @ epoch 1: {'Sequential_base': (4.998766400914329e-05, 1), 'Sequential_new': (4.998766400914329e-05, 0), 'abmil': (4.998766400914329e-05, 8), 'text_encoder': (4.998766400914329e-05, 149)}
2025-09-16 16:40:06,724 - echoclip.runner.runner - INFO - check optimizer `param_groups` lr @ epoch 2: {'Sequential_base': (4.995066821070679e-05, 1), 'Sequential_new': (4.995066821070679e-05, 0), 'abmil': (4.995066821070679e-05, 8), 'text_encoder': (4.995066821070679e-05, 149)}
2025-09-16 16:41:31,319 - echoclip.runner.runner - INFO - check optimizer `param_groups` lr @ epoch 3: {'Sequential_base': (4.9889049115077005e-05, 1), 'Sequential_new': (4.9889049115077005e-05, 0), 'abmil': (4.9889049115077005e-05, 8), 'text_encoder': (4.9889049115077005e-05, 149)}
2025-09-16 16:42:55,780 - echoclip.runner.runner - INFO - check optimizer `param_groups` lr @ epoch 4: {'Sequential_base': (4.9802867532861956e-05, 1), 'Sequential_new': (4.9802867532861956e-05, 0), 'abmil': (4.9802867532861956e-05, 8), 'text_encoder': (4.9802867532861956e-05, 149)}
2025-09-16 16:44:20,436 - echoclip.runner.runner - INFO - check optimizer `param_groups` lr @ epoch 5: {'Sequential_base': (4.969220851487845e-05, 1), 'Sequential_new': (4.969220851487845e-05, 0), 'abmil': (4.969220851487845e-05, 8), 'text_encoder': (4.969220851487845e-05, 149)}
2025-09-16 16:45:43,511 - echoclip.runner.runner - INFO - check optimizer `param_groups` lr @ epoch 6: {'Sequential_base': (4.9557181268217227e-05, 1), 'Sequential_new': (4.9557181268217227e-05, 0), 'abmil': (4.9557181268217227e-05, 8), 'text_encoder': (4.9557181268217227e-05, 149)}
2025-09-16 16:47:06,753 - echoclip.runner.runner - INFO - check optimizer `param_groups` lr @ epoch 7: {'Sequential_base': (4.939791904846869e-05, 1), 'Sequential_new': (4.939791904846869e-05, 0), 'abmil': (4.939791904846869e-05, 8), 'text_encoder': (4.939791904846869e-05, 149)}
2025-09-16 16:48:29,992 - echoclip.runner.runner - INFO - check optimizer `param_groups` lr @ epoch 8: {'Sequential_base': (4.921457902821578e-05, 1), 'Sequential_new': (4.921457902821578e-05, 0), 'abmil': (4.921457902821578e-05, 8), 'text_encoder': (4.921457902821578e-05, 149)}
2025-09-16 16:49:53,497 - echoclip.runner.runner - INFO - check optimizer `param_groups` lr @ epoch 9: {'Sequential_base': (4.9007342141923585e-05, 1), 'Sequential_new': (4.9007342141923585e-05, 0), 'abmil': (4.9007342141923585e-05, 8), 'text_encoder': (4.9007342141923585e-05, 149)}
2025-09-16 16:51:19,266 - echoclip.runner.runner - INFO - check optimizer `param_groups` lr @ epoch 10: {'Sequential_base': (4.877641290737885e-05, 1), 'Sequential_new': (4.877641290737885e-05, 0), 'abmil': (4.877641290737885e-05, 8), 'text_encoder': (4.877641290737885e-05, 149)}
2025-09-16 16:52:44,167 - echoclip.runner.runner - INFO - check optimizer `param_groups` lr @ epoch 11: {'Sequential_base': (4.852201922385565e-05, 1), 'Sequential_new': (4.852201922385565e-05, 0), 'abmil': (4.852201922385565e-05, 8), 'text_encoder': (4.852201922385565e-05, 149)}
2025-09-16 16:54:09,351 - echoclip.runner.runner - INFO - check optimizer `param_groups` lr @ epoch 12: {'Sequential_base': (4.82444121472063e-05, 1), 'Sequential_new': (4.82444121472063e-05, 0), 'abmil': (4.82444121472063e-05, 8), 'text_encoder': (4.82444121472063e-05, 149)}
2025-09-16 16:55:32,752 - echoclip.runner.runner - INFO - check optimizer `param_groups` lr @ epoch 13: {'Sequential_base': (4.794386564209954e-05, 1), 'Sequential_new': (4.794386564209954e-05, 0), 'abmil': (4.794386564209954e-05, 8), 'text_encoder': (4.794386564209954e-05, 149)}
2025-09-16 16:56:56,519 - echoclip.runner.runner - INFO - check optimizer `param_groups` lr @ epoch 14: {'Sequential_base': (4.76206763116505e-05, 1), 'Sequential_new': (4.76206763116505e-05, 0), 'abmil': (4.76206763116505e-05, 8), 'text_encoder': (4.76206763116505e-05, 149)}
2025-09-16 16:58:21,366 - echoclip.runner.runner - INFO - check optimizer `param_groups` lr @ epoch 15: {'Sequential_base': (4.727516310470921e-05, 1), 'Sequential_new': (4.727516310470921e-05, 0), 'abmil': (4.727516310470921e-05, 8), 'text_encoder': (4.727516310470921e-05, 149)}
2025-09-16 16:59:46,586 - echoclip.runner.runner - INFO - check optimizer `param_groups` lr @ epoch 16: {'Sequential_base': (4.6907667001096604e-05, 1), 'Sequential_new': (4.6907667001096604e-05, 0), 'abmil': (4.6907667001096604e-05, 8), 'text_encoder': (4.6907667001096604e-05, 149)}
2025-09-16 17:01:09,961 - echoclip.runner.runner - INFO - check optimizer `param_groups` lr @ epoch 17: {'Sequential_base': (4.651855067509861e-05, 1), 'Sequential_new': (4.651855067509861e-05, 0), 'abmil': (4.651855067509861e-05, 8), 'text_encoder': (4.651855067509861e-05, 149)}
2025-09-16 17:02:35,066 - echoclip.runner.runner - INFO - check optimizer `param_groups` lr @ epoch 18: {'Sequential_base': (4.61081981375504e-05, 1), 'Sequential_new': (4.61081981375504e-05, 0), 'abmil': (4.61081981375504e-05, 8), 'text_encoder': (4.61081981375504e-05, 149)}
2025-09-16 17:03:58,568 - echoclip.runner.runner - INFO - check optimizer `param_groups` lr @ epoch 19: {'Sequential_base': (4.567701435686407e-05, 1), 'Sequential_new': (4.567701435686407e-05, 0), 'abmil': (4.567701435686407e-05, 8), 'text_encoder': (4.567701435686407e-05, 149)}
2025-09-16 17:05:22,078 - echoclip.runner.runner - INFO - check optimizer `param_groups` lr @ epoch 20: {'Sequential_base': (4.522542485937371e-05, 1), 'Sequential_new': (4.522542485937371e-05, 0), 'abmil': (4.522542485937371e-05, 8), 'text_encoder': (4.522542485937371e-05, 149)}
2025-09-16 17:06:48,585 - echoclip.runner.runner - INFO - check optimizer `param_groups` lr @ epoch 21: {'Sequential_base': (4.475387530939228e-05, 1), 'Sequential_new': (4.475387530939228e-05, 0), 'abmil': (4.475387530939228e-05, 8), 'text_encoder': (4.475387530939228e-05, 149)}
2025-09-16 17:08:13,427 - echoclip.runner.runner - INFO - check optimizer `param_groups` lr @ epoch 22: {'Sequential_base': (4.426283106939476e-05, 1), 'Sequential_new': (4.426283106939476e-05, 0), 'abmil': (4.426283106939476e-05, 8), 'text_encoder': (4.426283106939476e-05, 149)}
2025-09-16 17:09:36,607 - echoclip.runner.runner - INFO - check optimizer `param_groups` lr @ epoch 23: {'Sequential_base': (4.375277674076152e-05, 1), 'Sequential_new': (4.375277674076152e-05, 0), 'abmil': (4.375277674076152e-05, 8), 'text_encoder': (4.375277674076152e-05, 149)}
2025-09-16 17:11:00,266 - echoclip.runner.runner - INFO - check optimizer `param_groups` lr @ epoch 24: {'Sequential_base': (4.3224215685535314e-05, 1), 'Sequential_new': (4.3224215685535314e-05, 0), 'abmil': (4.3224215685535314e-05, 8), 'text_encoder': (4.3224215685535314e-05, 149)}
2025-09-16 17:12:23,528 - echoclip.runner.runner - INFO - check optimizer `param_groups` lr @ epoch 25: {'Sequential_base': (4.267766952966371e-05, 1), 'Sequential_new': (4.267766952966371e-05, 0), 'abmil': (4.267766952966371e-05, 8), 'text_encoder': (4.267766952966371e-05, 149)}
2025-09-16 17:13:47,138 - echoclip.runner.runner - INFO - check optimizer `param_groups` lr @ epoch 26: {'Sequential_base': (4.211367764821724e-05, 1), 'Sequential_new': (4.211367764821724e-05, 0), 'abmil': (4.211367764821724e-05, 8), 'text_encoder': (4.211367764821724e-05, 149)}
2025-09-16 17:15:10,401 - echoclip.runner.runner - INFO - check optimizer `param_groups` lr @ epoch 27: {'Sequential_base': (4.1532796633091316e-05, 1), 'Sequential_new': (4.1532796633091316e-05, 0), 'abmil': (4.1532796633091316e-05, 8), 'text_encoder': (4.1532796633091316e-05, 149)}
2025-09-16 17:16:33,919 - echoclip.runner.runner - INFO - check optimizer `param_groups` lr @ epoch 28: {'Sequential_base': (4.093559974371726e-05, 1), 'Sequential_new': (4.093559974371726e-05, 0), 'abmil': (4.093559974371726e-05, 8), 'text_encoder': (4.093559974371726e-05, 149)}
2025-09-16 17:18:00,615 - echoclip.runner.runner - INFO - check optimizer `param_groups` lr @ epoch 29: {'Sequential_base': (4.0322676341324435e-05, 1), 'Sequential_new': (4.0322676341324435e-05, 0), 'abmil': (4.0322676341324435e-05, 8), 'text_encoder': (4.0322676341324435e-05, 149)}
2025-09-16 17:19:25,926 - echoclip.runner.runner - INFO - check optimizer `param_groups` lr @ epoch 30: {'Sequential_base': (3.969463130731186e-05, 1), 'Sequential_new': (3.969463130731186e-05, 0), 'abmil': (3.969463130731186e-05, 8), 'text_encoder': (3.969463130731186e-05, 149)}
2025-09-16 17:20:49,426 - echoclip.runner.runner - INFO - check optimizer `param_groups` lr @ epoch 31: {'Sequential_base': (3.9052084446303294e-05, 1), 'Sequential_new': (3.9052084446303294e-05, 0), 'abmil': (3.9052084446303294e-05, 8), 'text_encoder': (3.9052084446303294e-05, 149)}
2025-09-16 17:22:12,601 - echoclip.runner.runner - INFO - check optimizer `param_groups` lr @ epoch 32: {'Sequential_base': (3.839566987447494e-05, 1), 'Sequential_new': (3.839566987447494e-05, 0), 'abmil': (3.839566987447494e-05, 8), 'text_encoder': (3.839566987447494e-05, 149)}
2025-09-16 17:23:36,140 - echoclip.runner.runner - INFO - check optimizer `param_groups` lr @ epoch 33: {'Sequential_base': (3.772603539375931e-05, 1), 'Sequential_new': (3.772603539375931e-05, 0), 'abmil': (3.772603539375931e-05, 8), 'text_encoder': (3.772603539375931e-05, 149)}
2025-09-16 17:24:59,353 - echoclip.runner.runner - INFO - check optimizer `param_groups` lr @ epoch 34: {'Sequential_base': (3.704384185254291e-05, 1), 'Sequential_new': (3.704384185254291e-05, 0), 'abmil': (3.704384185254291e-05, 8), 'text_encoder': (3.704384185254291e-05, 149)}
2025-09-16 17:26:22,805 - echoclip.runner.runner - INFO - check optimizer `param_groups` lr @ epoch 35: {'Sequential_base': (3.63497624934887e-05, 1), 'Sequential_new': (3.63497624934887e-05, 0), 'abmil': (3.63497624934887e-05, 8), 'text_encoder': (3.63497624934887e-05, 149)}
2025-09-16 17:27:46,469 - echoclip.runner.runner - INFO - check optimizer `param_groups` lr @ epoch 36: {'Sequential_base': (3.564448228912685e-05, 1), 'Sequential_new': (3.564448228912685e-05, 0), 'abmil': (3.564448228912685e-05, 8), 'text_encoder': (3.564448228912685e-05, 149)}
2025-09-16 17:29:10,900 - echoclip.runner.runner - INFO - check optimizer `param_groups` lr @ epoch 37: {'Sequential_base': (3.492869726586954e-05, 1), 'Sequential_new': (3.492869726586954e-05, 0), 'abmil': (3.492869726586954e-05, 8), 'text_encoder': (3.492869726586954e-05, 149)}
2025-09-16 17:30:34,323 - echoclip.runner.runner - INFO - check optimizer `param_groups` lr @ epoch 38: {'Sequential_base': (3.4203113817116984e-05, 1), 'Sequential_new': (3.4203113817116984e-05, 0), 'abmil': (3.4203113817116984e-05, 8), 'text_encoder': (3.4203113817116984e-05, 149)}
2025-09-16 17:31:57,812 - echoclip.runner.runner - INFO - check optimizer `param_groups` lr @ epoch 39: {'Sequential_base': (3.346844800613232e-05, 1), 'Sequential_new': (3.346844800613232e-05, 0), 'abmil': (3.346844800613232e-05, 8), 'text_encoder': (3.346844800613232e-05, 149)}
2025-09-16 17:33:21,197 - echoclip.runner.runner - INFO - check optimizer `param_groups` lr @ epoch 40: {'Sequential_base': (3.272542485937372e-05, 1), 'Sequential_new': (3.272542485937372e-05, 0), 'abmil': (3.272542485937372e-05, 8), 'text_encoder': (3.272542485937372e-05, 149)}
2025-09-16 17:34:44,598 - echoclip.runner.runner - INFO - check optimizer `param_groups` lr @ epoch 41: {'Sequential_base': (3.197477765098077e-05, 1), 'Sequential_new': (3.197477765098077e-05, 0), 'abmil': (3.197477765098077e-05, 8), 'text_encoder': (3.197477765098077e-05, 149)}
2025-09-16 17:36:10,529 - echoclip.runner.runner - INFO - check optimizer `param_groups` lr @ epoch 42: {'Sequential_base': (3.12172471791214e-05, 1), 'Sequential_new': (3.12172471791214e-05, 0), 'abmil': (3.12172471791214e-05, 8), 'text_encoder': (3.12172471791214e-05, 149)}
2025-09-16 17:37:36,871 - echoclip.runner.runner - INFO - check optimizer `param_groups` lr @ epoch 43: {'Sequential_base': (3.0453581034913598e-05, 1), 'Sequential_new': (3.0453581034913598e-05, 0), 'abmil': (3.0453581034913598e-05, 8), 'text_encoder': (3.0453581034913598e-05, 149)}
2025-09-16 17:39:02,077 - echoclip.runner.runner - INFO - check optimizer `param_groups` lr @ epoch 44: {'Sequential_base': (2.968453286464315e-05, 1), 'Sequential_new': (2.968453286464315e-05, 0), 'abmil': (2.968453286464315e-05, 8), 'text_encoder': (2.968453286464315e-05, 149)}
2025-09-16 17:40:25,517 - echoclip.runner.runner - INFO - check optimizer `param_groups` lr @ epoch 45: {'Sequential_base': (2.8910861626005803e-05, 1), 'Sequential_new': (2.8910861626005803e-05, 0), 'abmil': (2.8910861626005803e-05, 8), 'text_encoder': (2.8910861626005803e-05, 149)}
2025-09-16 17:41:48,995 - echoclip.runner.runner - INFO - check optimizer `param_groups` lr @ epoch 46: {'Sequential_base': (2.8133330839107642e-05, 1), 'Sequential_new': (2.8133330839107642e-05, 0), 'abmil': (2.8133330839107642e-05, 8), 'text_encoder': (2.8133330839107642e-05, 149)}
2025-09-16 17:43:12,351 - echoclip.runner.runner - INFO - check optimizer `param_groups` lr @ epoch 47: {'Sequential_base': (2.7352707832962885e-05, 1), 'Sequential_new': (2.7352707832962885e-05, 0), 'abmil': (2.7352707832962885e-05, 8), 'text_encoder': (2.7352707832962885e-05, 149)}
2025-09-16 17:44:35,954 - echoclip.runner.runner - INFO - check optimizer `param_groups` lr @ epoch 48: {'Sequential_base': (2.6569762988232866e-05, 1), 'Sequential_new': (2.6569762988232866e-05, 0), 'abmil': (2.6569762988232866e-05, 8), 'text_encoder': (2.6569762988232866e-05, 149)}
2025-09-16 17:45:59,499 - echoclip.runner.runner - INFO - check optimizer `param_groups` lr @ epoch 49: {'Sequential_base': (2.5785268976953237e-05, 1), 'Sequential_new': (2.5785268976953237e-05, 0), 'abmil': (2.5785268976953237e-05, 8), 'text_encoder': (2.5785268976953237e-05, 149)}
2025-09-16 17:47:23,030 - echoclip.runner.runner - INFO - check optimizer `param_groups` lr @ epoch 50: {'Sequential_base': (2.5000000000000028e-05, 1), 'Sequential_new': (2.5000000000000028e-05, 0), 'abmil': (2.5000000000000028e-05, 8), 'text_encoder': (2.5000000000000028e-05, 149)}
2025-09-16 17:48:46,561 - echoclip.runner.runner - INFO - check optimizer `param_groups` lr @ epoch 51: {'Sequential_base': (2.421473102304682e-05, 1), 'Sequential_new': (2.421473102304682e-05, 0), 'abmil': (2.421473102304682e-05, 8), 'text_encoder': (2.421473102304682e-05, 149)}
2025-09-16 17:50:17,188 - echoclip.runner.runner - INFO - check optimizer `param_groups` lr @ epoch 52: {'Sequential_base': (2.343023701176719e-05, 1), 'Sequential_new': (2.343023701176719e-05, 0), 'abmil': (2.343023701176719e-05, 8), 'text_encoder': (2.343023701176719e-05, 149)}
2025-09-16 17:51:40,899 - echoclip.runner.runner - INFO - check optimizer `param_groups` lr @ epoch 53: {'Sequential_base': (2.2647292167037164e-05, 1), 'Sequential_new': (2.2647292167037164e-05, 0), 'abmil': (2.2647292167037164e-05, 8), 'text_encoder': (2.2647292167037164e-05, 149)}
2025-09-16 17:53:04,008 - echoclip.runner.runner - INFO - check optimizer `param_groups` lr @ epoch 54: {'Sequential_base': (2.1866669160892418e-05, 1), 'Sequential_new': (2.1866669160892418e-05, 0), 'abmil': (2.1866669160892418e-05, 8), 'text_encoder': (2.1866669160892418e-05, 149)}
2025-09-16 17:54:27,539 - echoclip.runner.runner - INFO - check optimizer `param_groups` lr @ epoch 55: {'Sequential_base': (2.108913837399425e-05, 1), 'Sequential_new': (2.108913837399425e-05, 0), 'abmil': (2.108913837399425e-05, 8), 'text_encoder': (2.108913837399425e-05, 149)}
2025-09-16 17:55:50,834 - echoclip.runner.runner - INFO - check optimizer `param_groups` lr @ epoch 56: {'Sequential_base': (2.0315467135356907e-05, 1), 'Sequential_new': (2.0315467135356907e-05, 0), 'abmil': (2.0315467135356907e-05, 8), 'text_encoder': (2.0315467135356907e-05, 149)}
2025-09-16 17:57:14,109 - echoclip.runner.runner - INFO - check optimizer `param_groups` lr @ epoch 57: {'Sequential_base': (1.9546418965086466e-05, 1), 'Sequential_new': (1.9546418965086466e-05, 0), 'abmil': (1.9546418965086466e-05, 8), 'text_encoder': (1.9546418965086466e-05, 149)}
2025-09-16 17:58:37,446 - echoclip.runner.runner - INFO - check optimizer `param_groups` lr @ epoch 58: {'Sequential_base': (1.878275282087865e-05, 1), 'Sequential_new': (1.878275282087865e-05, 0), 'abmil': (1.878275282087865e-05, 8), 'text_encoder': (1.878275282087865e-05, 149)}
2025-09-16 18:00:00,537 - echoclip.runner.runner - INFO - check optimizer `param_groups` lr @ epoch 59: {'Sequential_base': (1.8025222349019294e-05, 1), 'Sequential_new': (1.8025222349019294e-05, 0), 'abmil': (1.8025222349019294e-05, 8), 'text_encoder': (1.8025222349019294e-05, 149)}
2025-09-16 18:01:23,651 - echoclip.runner.runner - INFO - check optimizer `param_groups` lr @ epoch 60: {'Sequential_base': (1.7274575140626345e-05, 1), 'Sequential_new': (1.7274575140626345e-05, 0), 'abmil': (1.7274575140626345e-05, 8), 'text_encoder': (1.7274575140626345e-05, 149)}
2025-09-16 18:02:46,842 - echoclip.runner.runner - INFO - check optimizer `param_groups` lr @ epoch 61: {'Sequential_base': (1.6531551993867737e-05, 1), 'Sequential_new': (1.6531551993867737e-05, 0), 'abmil': (1.6531551993867737e-05, 8), 'text_encoder': (1.6531551993867737e-05, 149)}
2025-09-16 18:04:10,035 - echoclip.runner.runner - INFO - check optimizer `param_groups` lr @ epoch 62: {'Sequential_base': (1.579688618288308e-05, 1), 'Sequential_new': (1.579688618288308e-05, 0), 'abmil': (1.579688618288308e-05, 8), 'text_encoder': (1.579688618288308e-05, 149)}
2025-09-16 18:05:33,107 - echoclip.runner.runner - INFO - check optimizer `param_groups` lr @ epoch 63: {'Sequential_base': (1.5071302734130502e-05, 1), 'Sequential_new': (1.5071302734130502e-05, 0), 'abmil': (1.5071302734130502e-05, 8), 'text_encoder': (1.5071302734130502e-05, 149)}
2025-09-16 18:06:56,305 - echoclip.runner.runner - INFO - check optimizer `param_groups` lr @ epoch 64: {'Sequential_base': (1.4355517710873202e-05, 1), 'Sequential_new': (1.4355517710873202e-05, 0), 'abmil': (1.4355517710873202e-05, 8), 'text_encoder': (1.4355517710873202e-05, 149)}
2025-09-16 18:08:19,643 - echoclip.runner.runner - INFO - check optimizer `param_groups` lr @ epoch 65: {'Sequential_base': (1.365023750651135e-05, 1), 'Sequential_new': (1.365023750651135e-05, 0), 'abmil': (1.365023750651135e-05, 8), 'text_encoder': (1.365023750651135e-05, 149)}
2025-09-16 18:09:42,968 - echoclip.runner.runner - INFO - check optimizer `param_groups` lr @ epoch 66: {'Sequential_base': (1.2956158147457131e-05, 1), 'Sequential_new': (1.2956158147457131e-05, 0), 'abmil': (1.2956158147457131e-05, 8), 'text_encoder': (1.2956158147457131e-05, 149)}
2025-09-16 18:11:06,295 - echoclip.runner.runner - INFO - check optimizer `param_groups` lr @ epoch 67: {'Sequential_base': (1.2273964606240733e-05, 1), 'Sequential_new': (1.2273964606240733e-05, 0), 'abmil': (1.2273964606240733e-05, 8), 'text_encoder': (1.2273964606240733e-05, 149)}
2025-09-16 18:12:29,393 - echoclip.runner.runner - INFO - check optimizer `param_groups` lr @ epoch 68: {'Sequential_base': (1.1604330125525094e-05, 1), 'Sequential_new': (1.1604330125525094e-05, 0), 'abmil': (1.1604330125525094e-05, 8), 'text_encoder': (1.1604330125525094e-05, 149)}
2025-09-16 18:13:52,620 - echoclip.runner.runner - INFO - check optimizer `param_groups` lr @ epoch 69: {'Sequential_base': (1.0947915553696749e-05, 1), 'Sequential_new': (1.0947915553696749e-05, 0), 'abmil': (1.0947915553696749e-05, 8), 'text_encoder': (1.0947915553696749e-05, 149)}
2025-09-16 18:15:16,126 - echoclip.runner.runner - INFO - check optimizer `param_groups` lr @ epoch 70: {'Sequential_base': (1.030536869268819e-05, 1), 'Sequential_new': (1.030536869268819e-05, 0), 'abmil': (1.030536869268819e-05, 8), 'text_encoder': (1.030536869268819e-05, 149)}
2025-09-16 18:16:40,031 - echoclip.runner.runner - INFO - check optimizer `param_groups` lr @ epoch 71: {'Sequential_base': (9.677323658675599e-06, 1), 'Sequential_new': (9.677323658675599e-06, 0), 'abmil': (9.677323658675599e-06, 8), 'text_encoder': (9.677323658675599e-06, 149)}
2025-09-16 18:18:05,241 - echoclip.runner.runner - INFO - check optimizer `param_groups` lr @ epoch 72: {'Sequential_base': (9.06440025628277e-06, 1), 'Sequential_new': (9.06440025628277e-06, 0), 'abmil': (9.06440025628277e-06, 8), 'text_encoder': (9.06440025628277e-06, 149)}
2025-09-16 18:19:29,945 - echoclip.runner.runner - INFO - check optimizer `param_groups` lr @ epoch 73: {'Sequential_base': (8.46720336690872e-06, 1), 'Sequential_new': (8.46720336690872e-06, 0), 'abmil': (8.46720336690872e-06, 8), 'text_encoder': (8.46720336690872e-06, 149)}
2025-09-16 18:20:53,242 - echoclip.runner.runner - INFO - check optimizer `param_groups` lr @ epoch 74: {'Sequential_base': (7.886322351782794e-06, 1), 'Sequential_new': (7.886322351782794e-06, 0), 'abmil': (7.886322351782794e-06, 8), 'text_encoder': (7.886322351782794e-06, 149)}
2025-09-16 18:22:18,474 - echoclip.runner.runner - INFO - check optimizer `param_groups` lr @ epoch 75: {'Sequential_base': (7.322330470336325e-06, 1), 'Sequential_new': (7.322330470336325e-06, 0), 'abmil': (7.322330470336325e-06, 8), 'text_encoder': (7.322330470336325e-06, 149)}
2025-09-16 18:23:42,910 - echoclip.runner.runner - INFO - check optimizer `param_groups` lr @ epoch 76: {'Sequential_base': (6.775784314464728e-06, 1), 'Sequential_new': (6.775784314464728e-06, 0), 'abmil': (6.775784314464728e-06, 8), 'text_encoder': (6.775784314464728e-06, 149)}
2025-09-16 18:25:07,889 - echoclip.runner.runner - INFO - check optimizer `param_groups` lr @ epoch 77: {'Sequential_base': (6.24722325923852e-06, 1), 'Sequential_new': (6.24722325923852e-06, 0), 'abmil': (6.24722325923852e-06, 8), 'text_encoder': (6.24722325923852e-06, 149)}
2025-09-16 18:26:34,345 - echoclip.runner.runner - INFO - check optimizer `param_groups` lr @ epoch 78: {'Sequential_base': (5.737168930605281e-06, 1), 'Sequential_new': (5.737168930605281e-06, 0), 'abmil': (5.737168930605281e-06, 8), 'text_encoder': (5.737168930605281e-06, 149)}
2025-09-16 18:28:00,518 - echoclip.runner.runner - INFO - check optimizer `param_groups` lr @ epoch 79: {'Sequential_base': (5.246124690607749e-06, 1), 'Sequential_new': (5.246124690607749e-06, 0), 'abmil': (5.246124690607749e-06, 8), 'text_encoder': (5.246124690607749e-06, 149)}
2025-09-16 18:29:26,431 - echoclip.runner.runner - INFO - check optimizer `param_groups` lr @ epoch 80: {'Sequential_base': (4.774575140626324e-06, 1), 'Sequential_new': (4.774575140626324e-06, 0), 'abmil': (4.774575140626324e-06, 8), 'text_encoder': (4.774575140626324e-06, 149)}
2025-09-16 18:30:52,616 - echoclip.runner.runner - INFO - check optimizer `param_groups` lr @ epoch 81: {'Sequential_base': (4.322985643135964e-06, 1), 'Sequential_new': (4.322985643135964e-06, 0), 'abmil': (4.322985643135964e-06, 8), 'text_encoder': (4.322985643135964e-06, 149)}
2025-09-16 18:32:19,107 - echoclip.runner.runner - INFO - check optimizer `param_groups` lr @ epoch 82: {'Sequential_base': (3.891801862449635e-06, 1), 'Sequential_new': (3.891801862449635e-06, 0), 'abmil': (3.891801862449635e-06, 8), 'text_encoder': (3.891801862449635e-06, 149)}
2025-09-16 18:33:45,932 - echoclip.runner.runner - INFO - check optimizer `param_groups` lr @ epoch 83: {'Sequential_base': (3.4814493249014116e-06, 1), 'Sequential_new': (3.4814493249014116e-06, 0), 'abmil': (3.4814493249014116e-06, 8), 'text_encoder': (3.4814493249014116e-06, 149)}
2025-09-16 18:35:10,873 - echoclip.runner.runner - INFO - check optimizer `param_groups` lr @ epoch 84: {'Sequential_base': (3.0923329989034154e-06, 1), 'Sequential_new': (3.0923329989034154e-06, 0), 'abmil': (3.0923329989034154e-06, 8), 'text_encoder': (3.0923329989034154e-06, 149)}
2025-09-16 18:36:34,175 - echoclip.runner.runner - INFO - check optimizer `param_groups` lr @ epoch 85: {'Sequential_base': (2.7248368952908095e-06, 1), 'Sequential_new': (2.7248368952908095e-06, 0), 'abmil': (2.7248368952908095e-06, 8), 'text_encoder': (2.7248368952908095e-06, 149)}
2025-09-16 18:37:58,355 - echoclip.runner.runner - INFO - check optimizer `param_groups` lr @ epoch 86: {'Sequential_base': (2.37932368834952e-06, 1), 'Sequential_new': (2.37932368834952e-06, 0), 'abmil': (2.37932368834952e-06, 8), 'text_encoder': (2.37932368834952e-06, 149)}
2025-09-16 18:39:24,574 - echoclip.runner.runner - INFO - check optimizer `param_groups` lr @ epoch 87: {'Sequential_base': (2.0561343579004804e-06, 1), 'Sequential_new': (2.0561343579004804e-06, 0), 'abmil': (2.0561343579004804e-06, 8), 'text_encoder': (2.0561343579004804e-06, 149)}
2025-09-16 18:40:50,702 - echoclip.runner.runner - INFO - check optimizer `param_groups` lr @ epoch 88: {'Sequential_base': (1.7555878527937192e-06, 1), 'Sequential_new': (1.7555878527937192e-06, 0), 'abmil': (1.7555878527937192e-06, 8), 'text_encoder': (1.7555878527937192e-06, 149)}
2025-09-16 18:42:16,823 - echoclip.runner.runner - INFO - check optimizer `param_groups` lr @ epoch 89: {'Sequential_base': (1.4779807761443662e-06, 1), 'Sequential_new': (1.4779807761443662e-06, 0), 'abmil': (1.4779807761443662e-06, 8), 'text_encoder': (1.4779807761443662e-06, 149)}
2025-09-16 18:43:42,841 - echoclip.runner.runner - INFO - check optimizer `param_groups` lr @ epoch 90: {'Sequential_base': (1.2235870926211638e-06, 1), 'Sequential_new': (1.2235870926211638e-06, 0), 'abmil': (1.2235870926211638e-06, 8), 'text_encoder': (1.2235870926211638e-06, 149)}
2025-09-16 18:45:09,312 - echoclip.runner.runner - INFO - check optimizer `param_groups` lr @ epoch 91: {'Sequential_base': (9.926578580764278e-07, 1), 'Sequential_new': (9.926578580764278e-07, 0), 'abmil': (9.926578580764278e-07, 8), 'text_encoder': (9.926578580764278e-07, 149)}
2025-09-16 18:46:36,049 - echoclip.runner.runner - INFO - check optimizer `param_groups` lr @ epoch 92: {'Sequential_base': (7.854209717842272e-07, 1), 'Sequential_new': (7.854209717842272e-07, 0), 'abmil': (7.854209717842272e-07, 8), 'text_encoder': (7.854209717842272e-07, 149)}
2025-09-16 18:48:00,616 - echoclip.runner.runner - INFO - check optimizer `param_groups` lr @ epoch 93: {'Sequential_base': (6.020809515313179e-07, 1), 'Sequential_new': (6.020809515313179e-07, 0), 'abmil': (6.020809515313179e-07, 8), 'text_encoder': (6.020809515313179e-07, 149)}
2025-09-16 18:49:23,881 - echoclip.runner.runner - INFO - check optimizer `param_groups` lr @ epoch 94: {'Sequential_base': (4.4281873178278274e-07, 1), 'Sequential_new': (4.4281873178278274e-07, 0), 'abmil': (4.4281873178278274e-07, 8), 'text_encoder': (4.4281873178278274e-07, 149)}
2025-09-16 18:50:47,256 - echoclip.runner.runner - INFO - check optimizer `param_groups` lr @ epoch 95: {'Sequential_base': (3.0779148512155904e-07, 1), 'Sequential_new': (3.0779148512155904e-07, 0), 'abmil': (3.0779148512155904e-07, 8), 'text_encoder': (3.0779148512155904e-07, 149)}
2025-09-16 18:52:11,356 - echoclip.runner.runner - INFO - check optimizer `param_groups` lr @ epoch 96: {'Sequential_base': (1.9713246713805623e-07, 1), 'Sequential_new': (1.9713246713805623e-07, 0), 'abmil': (1.9713246713805623e-07, 8), 'text_encoder': (1.9713246713805623e-07, 149)}
2025-09-16 18:53:36,431 - echoclip.runner.runner - INFO - check optimizer `param_groups` lr @ epoch 97: {'Sequential_base': (1.1095088492300029e-07, 1), 'Sequential_new': (1.1095088492300029e-07, 0), 'abmil': (1.1095088492300029e-07, 8), 'text_encoder': (1.1095088492300029e-07, 149)}
2025-09-16 18:55:00,452 - echoclip.runner.runner - INFO - check optimizer `param_groups` lr @ epoch 98: {'Sequential_base': (4.933178929321111e-08, 1), 'Sequential_new': (4.933178929321111e-08, 0), 'abmil': (4.933178929321111e-08, 8), 'text_encoder': (4.933178929321111e-08, 149)}
2025-09-16 18:56:23,720 - echoclip.runner.runner - INFO - check optimizer `param_groups` lr @ epoch 99: {'Sequential_base': (1.233599085671002e-08, 1), 'Sequential_new': (1.233599085671002e-08, 0), 'abmil': (1.233599085671002e-08, 8), 'text_encoder': (1.233599085671002e-08, 149)}
2025-09-16 18:59:23,405 - __main__ - INFO - End training.
2025-09-16 18:59:23,406 - __main__ - INFO - Start testing ckpt: results/MICCAI/few-shot/2-shot/5e-5/version_1/ckpts/epoch=36-val_mae_exp_metric=6.9356.ckpt.
2025-09-16 18:59:24,153 - echoclip.utils.registry - INFO - Build obj: EchoCLIP
2025-09-16 18:59:24,153 - echoclip.models.echoclip - INFO - irrelevant kwargs: {'prompt_learner_cfg': {'type': 'PlainPromptLearner', 'num_ranks': 5, 'num_base_ranks': 3, 'num_tokens_per_rank': 10, 'num_context_tokens': 10, 'rank_tokens_position': 'tail', 'init_rank_path': 'datasets/classnames_num.txt', 'init_context': 'THE LEFT VENTRICULAR EJECTION FRACTION IS ESTIMATED TO BE', 'rank_specific_context': False, 'interpolation_type': 'linear'}}
2025-09-16 19:01:02,540 - __main__ - INFO - End testing ckpt: results/MICCAI/few-shot/2-shot/5e-5/version_1/ckpts/epoch=36-val_mae_exp_metric=6.9356.ckpt.
2025-09-16 19:01:02,541 - __main__ - INFO - Start testing ckpt: results/MICCAI/few-shot/2-shot/5e-5/version_1/ckpts/last.ckpt.
2025-09-16 19:01:02,959 - echoclip.utils.registry - INFO - Build obj: EchoCLIP
2025-09-16 19:01:02,959 - echoclip.models.echoclip - INFO - irrelevant kwargs: {'prompt_learner_cfg': {'type': 'PlainPromptLearner', 'num_ranks': 5, 'num_base_ranks': 3, 'num_tokens_per_rank': 10, 'num_context_tokens': 10, 'rank_tokens_position': 'tail', 'init_rank_path': 'datasets/classnames_num.txt', 'init_context': 'THE LEFT VENTRICULAR EJECTION FRACTION IS ESTIMATED TO BE', 'rank_specific_context': False, 'interpolation_type': 'linear'}}
2025-09-16 19:02:40,912 - __main__ - INFO - End testing ckpt: results/MICCAI/few-shot/2-shot/5e-5/version_1/ckpts/last.ckpt.
2025-09-16 19:02:40,912 - __main__ - INFO - End.
