2026-01-04 14:01:40,909 - echoclip.utils.logging - INFO - add file handler
2026-01-04 14:01:40,911 - __main__ - INFO - `deterministic` flag: False
2026-01-04 14:01:43,690 - echoclip.utils.registry - INFO - Build obj: EchoCLIP
2026-01-04 14:01:43,691 - echoclip.models.echoclip - INFO - irrelevant kwargs: {'prompt_learner_cfg': {'type': 'PlainPromptLearner', 'num_ranks': 5, 'num_base_ranks': 3, 'num_tokens_per_rank': 10, 'num_context_tokens': 10, 'rank_tokens_position': 'tail', 'init_rank_path': 'datasets/classnames_num.txt', 'init_context': 'THE LEFT VENTRICULAR EJECTION FRACTION IS ESTIMATED TO BE', 'rank_specific_context': False, 'interpolation_type': 'linear'}}
2026-01-04 14:01:46,787 - __main__ - INFO - Start training.
2026-01-04 14:01:46,805 - echoclip.runner.runner - INFO - staged_lr_image_encoder activated
2026-01-04 14:01:46,807 - echoclip.runner.runner - INFO - staged_lr_image_encoder activated
2026-01-04 14:01:46,807 - echoclip.runner.runner - INFO - freeze_param(self.model.logit_scale)
2026-01-04 14:01:49,418 - echoclip.runner.runner - INFO - check optimizer `param_groups` lr @ epoch 0: {'Sequential_base': (5e-05, 1), 'Sequential_new': (5e-05, 0), 'abmil': (5e-05, 8), 'text_encoder': (5e-05, 149)}
2026-01-04 14:03:00,961 - echoclip.runner.runner - INFO - check optimizer `param_groups` lr @ epoch 1: {'Sequential_base': (4.998766400914329e-05, 1), 'Sequential_new': (4.998766400914329e-05, 0), 'abmil': (4.998766400914329e-05, 8), 'text_encoder': (4.998766400914329e-05, 149)}
2026-01-04 14:04:07,101 - echoclip.runner.runner - INFO - check optimizer `param_groups` lr @ epoch 2: {'Sequential_base': (4.995066821070679e-05, 1), 'Sequential_new': (4.995066821070679e-05, 0), 'abmil': (4.995066821070679e-05, 8), 'text_encoder': (4.995066821070679e-05, 149)}
2026-01-04 14:05:13,775 - echoclip.runner.runner - INFO - check optimizer `param_groups` lr @ epoch 3: {'Sequential_base': (4.9889049115077005e-05, 1), 'Sequential_new': (4.9889049115077005e-05, 0), 'abmil': (4.9889049115077005e-05, 8), 'text_encoder': (4.9889049115077005e-05, 149)}
2026-01-04 14:06:20,237 - echoclip.runner.runner - INFO - check optimizer `param_groups` lr @ epoch 4: {'Sequential_base': (4.9802867532861956e-05, 1), 'Sequential_new': (4.9802867532861956e-05, 0), 'abmil': (4.9802867532861956e-05, 8), 'text_encoder': (4.9802867532861956e-05, 149)}
2026-01-04 14:07:26,753 - echoclip.runner.runner - INFO - check optimizer `param_groups` lr @ epoch 5: {'Sequential_base': (4.969220851487845e-05, 1), 'Sequential_new': (4.969220851487845e-05, 0), 'abmil': (4.969220851487845e-05, 8), 'text_encoder': (4.969220851487845e-05, 149)}
2026-01-04 14:08:32,085 - echoclip.runner.runner - INFO - check optimizer `param_groups` lr @ epoch 6: {'Sequential_base': (4.9557181268217227e-05, 1), 'Sequential_new': (4.9557181268217227e-05, 0), 'abmil': (4.9557181268217227e-05, 8), 'text_encoder': (4.9557181268217227e-05, 149)}
2026-01-04 14:09:37,709 - echoclip.runner.runner - INFO - check optimizer `param_groups` lr @ epoch 7: {'Sequential_base': (4.939791904846869e-05, 1), 'Sequential_new': (4.939791904846869e-05, 0), 'abmil': (4.939791904846869e-05, 8), 'text_encoder': (4.939791904846869e-05, 149)}
2026-01-04 14:10:43,158 - echoclip.runner.runner - INFO - check optimizer `param_groups` lr @ epoch 8: {'Sequential_base': (4.921457902821578e-05, 1), 'Sequential_new': (4.921457902821578e-05, 0), 'abmil': (4.921457902821578e-05, 8), 'text_encoder': (4.921457902821578e-05, 149)}
2026-01-04 14:11:48,701 - echoclip.runner.runner - INFO - check optimizer `param_groups` lr @ epoch 9: {'Sequential_base': (4.9007342141923585e-05, 1), 'Sequential_new': (4.9007342141923585e-05, 0), 'abmil': (4.9007342141923585e-05, 8), 'text_encoder': (4.9007342141923585e-05, 149)}
2026-01-04 14:12:55,469 - echoclip.runner.runner - INFO - check optimizer `param_groups` lr @ epoch 10: {'Sequential_base': (4.877641290737885e-05, 1), 'Sequential_new': (4.877641290737885e-05, 0), 'abmil': (4.877641290737885e-05, 8), 'text_encoder': (4.877641290737885e-05, 149)}
2026-01-04 14:14:01,105 - echoclip.runner.runner - INFO - check optimizer `param_groups` lr @ epoch 11: {'Sequential_base': (4.852201922385565e-05, 1), 'Sequential_new': (4.852201922385565e-05, 0), 'abmil': (4.852201922385565e-05, 8), 'text_encoder': (4.852201922385565e-05, 149)}
2026-01-04 14:15:06,795 - echoclip.runner.runner - INFO - check optimizer `param_groups` lr @ epoch 12: {'Sequential_base': (4.82444121472063e-05, 1), 'Sequential_new': (4.82444121472063e-05, 0), 'abmil': (4.82444121472063e-05, 8), 'text_encoder': (4.82444121472063e-05, 149)}
2026-01-04 14:16:12,573 - echoclip.runner.runner - INFO - check optimizer `param_groups` lr @ epoch 13: {'Sequential_base': (4.794386564209954e-05, 1), 'Sequential_new': (4.794386564209954e-05, 0), 'abmil': (4.794386564209954e-05, 8), 'text_encoder': (4.794386564209954e-05, 149)}
2026-01-04 14:17:18,376 - echoclip.runner.runner - INFO - check optimizer `param_groups` lr @ epoch 14: {'Sequential_base': (4.76206763116505e-05, 1), 'Sequential_new': (4.76206763116505e-05, 0), 'abmil': (4.76206763116505e-05, 8), 'text_encoder': (4.76206763116505e-05, 149)}
2026-01-04 14:18:24,229 - echoclip.runner.runner - INFO - check optimizer `param_groups` lr @ epoch 15: {'Sequential_base': (4.727516310470921e-05, 1), 'Sequential_new': (4.727516310470921e-05, 0), 'abmil': (4.727516310470921e-05, 8), 'text_encoder': (4.727516310470921e-05, 149)}
2026-01-04 14:19:29,793 - echoclip.runner.runner - INFO - check optimizer `param_groups` lr @ epoch 16: {'Sequential_base': (4.6907667001096604e-05, 1), 'Sequential_new': (4.6907667001096604e-05, 0), 'abmil': (4.6907667001096604e-05, 8), 'text_encoder': (4.6907667001096604e-05, 149)}
2026-01-04 14:20:35,566 - echoclip.runner.runner - INFO - check optimizer `param_groups` lr @ epoch 17: {'Sequential_base': (4.651855067509861e-05, 1), 'Sequential_new': (4.651855067509861e-05, 0), 'abmil': (4.651855067509861e-05, 8), 'text_encoder': (4.651855067509861e-05, 149)}
2026-01-04 14:21:41,169 - echoclip.runner.runner - INFO - check optimizer `param_groups` lr @ epoch 18: {'Sequential_base': (4.61081981375504e-05, 1), 'Sequential_new': (4.61081981375504e-05, 0), 'abmil': (4.61081981375504e-05, 8), 'text_encoder': (4.61081981375504e-05, 149)}
2026-01-04 14:22:46,718 - echoclip.runner.runner - INFO - check optimizer `param_groups` lr @ epoch 19: {'Sequential_base': (4.567701435686407e-05, 1), 'Sequential_new': (4.567701435686407e-05, 0), 'abmil': (4.567701435686407e-05, 8), 'text_encoder': (4.567701435686407e-05, 149)}
2026-01-04 14:23:52,257 - echoclip.runner.runner - INFO - check optimizer `param_groups` lr @ epoch 20: {'Sequential_base': (4.522542485937371e-05, 1), 'Sequential_new': (4.522542485937371e-05, 0), 'abmil': (4.522542485937371e-05, 8), 'text_encoder': (4.522542485937371e-05, 149)}
2026-01-04 14:24:57,987 - echoclip.runner.runner - INFO - check optimizer `param_groups` lr @ epoch 21: {'Sequential_base': (4.475387530939228e-05, 1), 'Sequential_new': (4.475387530939228e-05, 0), 'abmil': (4.475387530939228e-05, 8), 'text_encoder': (4.475387530939228e-05, 149)}
2026-01-04 14:26:03,457 - echoclip.runner.runner - INFO - check optimizer `param_groups` lr @ epoch 22: {'Sequential_base': (4.426283106939476e-05, 1), 'Sequential_new': (4.426283106939476e-05, 0), 'abmil': (4.426283106939476e-05, 8), 'text_encoder': (4.426283106939476e-05, 149)}
2026-01-04 14:27:09,373 - echoclip.runner.runner - INFO - check optimizer `param_groups` lr @ epoch 23: {'Sequential_base': (4.375277674076152e-05, 1), 'Sequential_new': (4.375277674076152e-05, 0), 'abmil': (4.375277674076152e-05, 8), 'text_encoder': (4.375277674076152e-05, 149)}
2026-01-04 14:28:14,980 - echoclip.runner.runner - INFO - check optimizer `param_groups` lr @ epoch 24: {'Sequential_base': (4.3224215685535314e-05, 1), 'Sequential_new': (4.3224215685535314e-05, 0), 'abmil': (4.3224215685535314e-05, 8), 'text_encoder': (4.3224215685535314e-05, 149)}
2026-01-04 14:29:20,561 - echoclip.runner.runner - INFO - check optimizer `param_groups` lr @ epoch 25: {'Sequential_base': (4.267766952966371e-05, 1), 'Sequential_new': (4.267766952966371e-05, 0), 'abmil': (4.267766952966371e-05, 8), 'text_encoder': (4.267766952966371e-05, 149)}
2026-01-04 14:30:26,262 - echoclip.runner.runner - INFO - check optimizer `param_groups` lr @ epoch 26: {'Sequential_base': (4.211367764821724e-05, 1), 'Sequential_new': (4.211367764821724e-05, 0), 'abmil': (4.211367764821724e-05, 8), 'text_encoder': (4.211367764821724e-05, 149)}
2026-01-04 14:31:31,909 - echoclip.runner.runner - INFO - check optimizer `param_groups` lr @ epoch 27: {'Sequential_base': (4.1532796633091316e-05, 1), 'Sequential_new': (4.1532796633091316e-05, 0), 'abmil': (4.1532796633091316e-05, 8), 'text_encoder': (4.1532796633091316e-05, 149)}
2026-01-04 14:32:37,482 - echoclip.runner.runner - INFO - check optimizer `param_groups` lr @ epoch 28: {'Sequential_base': (4.093559974371726e-05, 1), 'Sequential_new': (4.093559974371726e-05, 0), 'abmil': (4.093559974371726e-05, 8), 'text_encoder': (4.093559974371726e-05, 149)}
2026-01-04 14:33:43,164 - echoclip.runner.runner - INFO - check optimizer `param_groups` lr @ epoch 29: {'Sequential_base': (4.0322676341324435e-05, 1), 'Sequential_new': (4.0322676341324435e-05, 0), 'abmil': (4.0322676341324435e-05, 8), 'text_encoder': (4.0322676341324435e-05, 149)}
2026-01-04 14:34:50,055 - echoclip.runner.runner - INFO - check optimizer `param_groups` lr @ epoch 30: {'Sequential_base': (3.969463130731186e-05, 1), 'Sequential_new': (3.969463130731186e-05, 0), 'abmil': (3.969463130731186e-05, 8), 'text_encoder': (3.969463130731186e-05, 149)}
2026-01-04 14:35:55,526 - echoclip.runner.runner - INFO - check optimizer `param_groups` lr @ epoch 31: {'Sequential_base': (3.9052084446303294e-05, 1), 'Sequential_new': (3.9052084446303294e-05, 0), 'abmil': (3.9052084446303294e-05, 8), 'text_encoder': (3.9052084446303294e-05, 149)}
2026-01-04 14:37:01,034 - echoclip.runner.runner - INFO - check optimizer `param_groups` lr @ epoch 32: {'Sequential_base': (3.839566987447494e-05, 1), 'Sequential_new': (3.839566987447494e-05, 0), 'abmil': (3.839566987447494e-05, 8), 'text_encoder': (3.839566987447494e-05, 149)}
2026-01-04 14:38:06,412 - echoclip.runner.runner - INFO - check optimizer `param_groups` lr @ epoch 33: {'Sequential_base': (3.772603539375931e-05, 1), 'Sequential_new': (3.772603539375931e-05, 0), 'abmil': (3.772603539375931e-05, 8), 'text_encoder': (3.772603539375931e-05, 149)}
2026-01-04 14:39:12,260 - echoclip.runner.runner - INFO - check optimizer `param_groups` lr @ epoch 34: {'Sequential_base': (3.704384185254291e-05, 1), 'Sequential_new': (3.704384185254291e-05, 0), 'abmil': (3.704384185254291e-05, 8), 'text_encoder': (3.704384185254291e-05, 149)}
2026-01-04 14:40:17,839 - echoclip.runner.runner - INFO - check optimizer `param_groups` lr @ epoch 35: {'Sequential_base': (3.63497624934887e-05, 1), 'Sequential_new': (3.63497624934887e-05, 0), 'abmil': (3.63497624934887e-05, 8), 'text_encoder': (3.63497624934887e-05, 149)}
2026-01-04 14:41:24,539 - echoclip.runner.runner - INFO - check optimizer `param_groups` lr @ epoch 36: {'Sequential_base': (3.564448228912685e-05, 1), 'Sequential_new': (3.564448228912685e-05, 0), 'abmil': (3.564448228912685e-05, 8), 'text_encoder': (3.564448228912685e-05, 149)}
2026-01-04 14:42:29,838 - echoclip.runner.runner - INFO - check optimizer `param_groups` lr @ epoch 37: {'Sequential_base': (3.492869726586954e-05, 1), 'Sequential_new': (3.492869726586954e-05, 0), 'abmil': (3.492869726586954e-05, 8), 'text_encoder': (3.492869726586954e-05, 149)}
2026-01-04 14:43:35,176 - echoclip.runner.runner - INFO - check optimizer `param_groups` lr @ epoch 38: {'Sequential_base': (3.4203113817116984e-05, 1), 'Sequential_new': (3.4203113817116984e-05, 0), 'abmil': (3.4203113817116984e-05, 8), 'text_encoder': (3.4203113817116984e-05, 149)}
2026-01-04 14:44:40,799 - echoclip.runner.runner - INFO - check optimizer `param_groups` lr @ epoch 39: {'Sequential_base': (3.346844800613232e-05, 1), 'Sequential_new': (3.346844800613232e-05, 0), 'abmil': (3.346844800613232e-05, 8), 'text_encoder': (3.346844800613232e-05, 149)}
2026-01-04 14:45:46,134 - echoclip.runner.runner - INFO - check optimizer `param_groups` lr @ epoch 40: {'Sequential_base': (3.272542485937372e-05, 1), 'Sequential_new': (3.272542485937372e-05, 0), 'abmil': (3.272542485937372e-05, 8), 'text_encoder': (3.272542485937372e-05, 149)}
2026-01-04 14:46:52,649 - echoclip.runner.runner - INFO - check optimizer `param_groups` lr @ epoch 41: {'Sequential_base': (3.197477765098077e-05, 1), 'Sequential_new': (3.197477765098077e-05, 0), 'abmil': (3.197477765098077e-05, 8), 'text_encoder': (3.197477765098077e-05, 149)}
2026-01-04 14:47:57,890 - echoclip.runner.runner - INFO - check optimizer `param_groups` lr @ epoch 42: {'Sequential_base': (3.12172471791214e-05, 1), 'Sequential_new': (3.12172471791214e-05, 0), 'abmil': (3.12172471791214e-05, 8), 'text_encoder': (3.12172471791214e-05, 149)}
2026-01-04 14:49:03,726 - echoclip.runner.runner - INFO - check optimizer `param_groups` lr @ epoch 43: {'Sequential_base': (3.0453581034913598e-05, 1), 'Sequential_new': (3.0453581034913598e-05, 0), 'abmil': (3.0453581034913598e-05, 8), 'text_encoder': (3.0453581034913598e-05, 149)}
2026-01-04 14:50:09,312 - echoclip.runner.runner - INFO - check optimizer `param_groups` lr @ epoch 44: {'Sequential_base': (2.968453286464315e-05, 1), 'Sequential_new': (2.968453286464315e-05, 0), 'abmil': (2.968453286464315e-05, 8), 'text_encoder': (2.968453286464315e-05, 149)}
2026-01-04 14:51:14,843 - echoclip.runner.runner - INFO - check optimizer `param_groups` lr @ epoch 45: {'Sequential_base': (2.8910861626005803e-05, 1), 'Sequential_new': (2.8910861626005803e-05, 0), 'abmil': (2.8910861626005803e-05, 8), 'text_encoder': (2.8910861626005803e-05, 149)}
2026-01-04 14:52:20,476 - echoclip.runner.runner - INFO - check optimizer `param_groups` lr @ epoch 46: {'Sequential_base': (2.8133330839107642e-05, 1), 'Sequential_new': (2.8133330839107642e-05, 0), 'abmil': (2.8133330839107642e-05, 8), 'text_encoder': (2.8133330839107642e-05, 149)}
2026-01-04 14:53:26,076 - echoclip.runner.runner - INFO - check optimizer `param_groups` lr @ epoch 47: {'Sequential_base': (2.7352707832962885e-05, 1), 'Sequential_new': (2.7352707832962885e-05, 0), 'abmil': (2.7352707832962885e-05, 8), 'text_encoder': (2.7352707832962885e-05, 149)}
2026-01-04 14:54:31,675 - echoclip.runner.runner - INFO - check optimizer `param_groups` lr @ epoch 48: {'Sequential_base': (2.6569762988232866e-05, 1), 'Sequential_new': (2.6569762988232866e-05, 0), 'abmil': (2.6569762988232866e-05, 8), 'text_encoder': (2.6569762988232866e-05, 149)}
2026-01-04 14:55:36,948 - echoclip.runner.runner - INFO - check optimizer `param_groups` lr @ epoch 49: {'Sequential_base': (2.5785268976953237e-05, 1), 'Sequential_new': (2.5785268976953237e-05, 0), 'abmil': (2.5785268976953237e-05, 8), 'text_encoder': (2.5785268976953237e-05, 149)}
2026-01-04 14:56:42,340 - echoclip.runner.runner - INFO - check optimizer `param_groups` lr @ epoch 50: {'Sequential_base': (2.5000000000000028e-05, 1), 'Sequential_new': (2.5000000000000028e-05, 0), 'abmil': (2.5000000000000028e-05, 8), 'text_encoder': (2.5000000000000028e-05, 149)}
2026-01-04 14:57:47,806 - echoclip.runner.runner - INFO - check optimizer `param_groups` lr @ epoch 51: {'Sequential_base': (2.421473102304682e-05, 1), 'Sequential_new': (2.421473102304682e-05, 0), 'abmil': (2.421473102304682e-05, 8), 'text_encoder': (2.421473102304682e-05, 149)}
2026-01-04 14:58:54,566 - echoclip.runner.runner - INFO - check optimizer `param_groups` lr @ epoch 52: {'Sequential_base': (2.343023701176719e-05, 1), 'Sequential_new': (2.343023701176719e-05, 0), 'abmil': (2.343023701176719e-05, 8), 'text_encoder': (2.343023701176719e-05, 149)}
2026-01-04 15:00:00,223 - echoclip.runner.runner - INFO - check optimizer `param_groups` lr @ epoch 53: {'Sequential_base': (2.2647292167037164e-05, 1), 'Sequential_new': (2.2647292167037164e-05, 0), 'abmil': (2.2647292167037164e-05, 8), 'text_encoder': (2.2647292167037164e-05, 149)}
2026-01-04 15:01:05,799 - echoclip.runner.runner - INFO - check optimizer `param_groups` lr @ epoch 54: {'Sequential_base': (2.1866669160892418e-05, 1), 'Sequential_new': (2.1866669160892418e-05, 0), 'abmil': (2.1866669160892418e-05, 8), 'text_encoder': (2.1866669160892418e-05, 149)}
2026-01-04 15:02:11,439 - echoclip.runner.runner - INFO - check optimizer `param_groups` lr @ epoch 55: {'Sequential_base': (2.108913837399425e-05, 1), 'Sequential_new': (2.108913837399425e-05, 0), 'abmil': (2.108913837399425e-05, 8), 'text_encoder': (2.108913837399425e-05, 149)}
2026-01-04 15:03:16,892 - echoclip.runner.runner - INFO - check optimizer `param_groups` lr @ epoch 56: {'Sequential_base': (2.0315467135356907e-05, 1), 'Sequential_new': (2.0315467135356907e-05, 0), 'abmil': (2.0315467135356907e-05, 8), 'text_encoder': (2.0315467135356907e-05, 149)}
2026-01-04 15:04:22,223 - echoclip.runner.runner - INFO - check optimizer `param_groups` lr @ epoch 57: {'Sequential_base': (1.9546418965086466e-05, 1), 'Sequential_new': (1.9546418965086466e-05, 0), 'abmil': (1.9546418965086466e-05, 8), 'text_encoder': (1.9546418965086466e-05, 149)}
2026-01-04 15:05:27,812 - echoclip.runner.runner - INFO - check optimizer `param_groups` lr @ epoch 58: {'Sequential_base': (1.878275282087865e-05, 1), 'Sequential_new': (1.878275282087865e-05, 0), 'abmil': (1.878275282087865e-05, 8), 'text_encoder': (1.878275282087865e-05, 149)}
2026-01-04 15:06:34,349 - echoclip.runner.runner - INFO - check optimizer `param_groups` lr @ epoch 59: {'Sequential_base': (1.8025222349019294e-05, 1), 'Sequential_new': (1.8025222349019294e-05, 0), 'abmil': (1.8025222349019294e-05, 8), 'text_encoder': (1.8025222349019294e-05, 149)}
2026-01-04 15:07:40,708 - echoclip.runner.runner - INFO - check optimizer `param_groups` lr @ epoch 60: {'Sequential_base': (1.7274575140626345e-05, 1), 'Sequential_new': (1.7274575140626345e-05, 0), 'abmil': (1.7274575140626345e-05, 8), 'text_encoder': (1.7274575140626345e-05, 149)}
2026-01-04 15:08:46,047 - echoclip.runner.runner - INFO - check optimizer `param_groups` lr @ epoch 61: {'Sequential_base': (1.6531551993867737e-05, 1), 'Sequential_new': (1.6531551993867737e-05, 0), 'abmil': (1.6531551993867737e-05, 8), 'text_encoder': (1.6531551993867737e-05, 149)}
2026-01-04 15:09:51,456 - echoclip.runner.runner - INFO - check optimizer `param_groups` lr @ epoch 62: {'Sequential_base': (1.579688618288308e-05, 1), 'Sequential_new': (1.579688618288308e-05, 0), 'abmil': (1.579688618288308e-05, 8), 'text_encoder': (1.579688618288308e-05, 149)}
2026-01-04 15:10:56,692 - echoclip.runner.runner - INFO - check optimizer `param_groups` lr @ epoch 63: {'Sequential_base': (1.5071302734130502e-05, 1), 'Sequential_new': (1.5071302734130502e-05, 0), 'abmil': (1.5071302734130502e-05, 8), 'text_encoder': (1.5071302734130502e-05, 149)}
2026-01-04 15:12:02,085 - echoclip.runner.runner - INFO - check optimizer `param_groups` lr @ epoch 64: {'Sequential_base': (1.4355517710873202e-05, 1), 'Sequential_new': (1.4355517710873202e-05, 0), 'abmil': (1.4355517710873202e-05, 8), 'text_encoder': (1.4355517710873202e-05, 149)}
2026-01-04 15:13:08,536 - echoclip.runner.runner - INFO - check optimizer `param_groups` lr @ epoch 65: {'Sequential_base': (1.365023750651135e-05, 1), 'Sequential_new': (1.365023750651135e-05, 0), 'abmil': (1.365023750651135e-05, 8), 'text_encoder': (1.365023750651135e-05, 149)}
2026-01-04 15:14:14,090 - echoclip.runner.runner - INFO - check optimizer `param_groups` lr @ epoch 66: {'Sequential_base': (1.2956158147457131e-05, 1), 'Sequential_new': (1.2956158147457131e-05, 0), 'abmil': (1.2956158147457131e-05, 8), 'text_encoder': (1.2956158147457131e-05, 149)}
2026-01-04 15:15:19,598 - echoclip.runner.runner - INFO - check optimizer `param_groups` lr @ epoch 67: {'Sequential_base': (1.2273964606240733e-05, 1), 'Sequential_new': (1.2273964606240733e-05, 0), 'abmil': (1.2273964606240733e-05, 8), 'text_encoder': (1.2273964606240733e-05, 149)}
2026-01-04 15:16:24,886 - echoclip.runner.runner - INFO - check optimizer `param_groups` lr @ epoch 68: {'Sequential_base': (1.1604330125525094e-05, 1), 'Sequential_new': (1.1604330125525094e-05, 0), 'abmil': (1.1604330125525094e-05, 8), 'text_encoder': (1.1604330125525094e-05, 149)}
2026-01-04 15:17:30,114 - echoclip.runner.runner - INFO - check optimizer `param_groups` lr @ epoch 69: {'Sequential_base': (1.0947915553696749e-05, 1), 'Sequential_new': (1.0947915553696749e-05, 0), 'abmil': (1.0947915553696749e-05, 8), 'text_encoder': (1.0947915553696749e-05, 149)}
2026-01-04 15:18:35,354 - echoclip.runner.runner - INFO - check optimizer `param_groups` lr @ epoch 70: {'Sequential_base': (1.030536869268819e-05, 1), 'Sequential_new': (1.030536869268819e-05, 0), 'abmil': (1.030536869268819e-05, 8), 'text_encoder': (1.030536869268819e-05, 149)}
2026-01-04 15:19:40,799 - echoclip.runner.runner - INFO - check optimizer `param_groups` lr @ epoch 71: {'Sequential_base': (9.677323658675599e-06, 1), 'Sequential_new': (9.677323658675599e-06, 0), 'abmil': (9.677323658675599e-06, 8), 'text_encoder': (9.677323658675599e-06, 149)}
2026-01-04 15:20:46,223 - echoclip.runner.runner - INFO - check optimizer `param_groups` lr @ epoch 72: {'Sequential_base': (9.06440025628277e-06, 1), 'Sequential_new': (9.06440025628277e-06, 0), 'abmil': (9.06440025628277e-06, 8), 'text_encoder': (9.06440025628277e-06, 149)}
2026-01-04 15:21:51,626 - echoclip.runner.runner - INFO - check optimizer `param_groups` lr @ epoch 73: {'Sequential_base': (8.46720336690872e-06, 1), 'Sequential_new': (8.46720336690872e-06, 0), 'abmil': (8.46720336690872e-06, 8), 'text_encoder': (8.46720336690872e-06, 149)}
2026-01-04 15:22:57,149 - echoclip.runner.runner - INFO - check optimizer `param_groups` lr @ epoch 74: {'Sequential_base': (7.886322351782794e-06, 1), 'Sequential_new': (7.886322351782794e-06, 0), 'abmil': (7.886322351782794e-06, 8), 'text_encoder': (7.886322351782794e-06, 149)}
2026-01-04 15:24:02,283 - echoclip.runner.runner - INFO - check optimizer `param_groups` lr @ epoch 75: {'Sequential_base': (7.322330470336325e-06, 1), 'Sequential_new': (7.322330470336325e-06, 0), 'abmil': (7.322330470336325e-06, 8), 'text_encoder': (7.322330470336325e-06, 149)}
2026-01-04 15:25:07,582 - echoclip.runner.runner - INFO - check optimizer `param_groups` lr @ epoch 76: {'Sequential_base': (6.775784314464728e-06, 1), 'Sequential_new': (6.775784314464728e-06, 0), 'abmil': (6.775784314464728e-06, 8), 'text_encoder': (6.775784314464728e-06, 149)}
2026-01-04 15:26:12,997 - echoclip.runner.runner - INFO - check optimizer `param_groups` lr @ epoch 77: {'Sequential_base': (6.24722325923852e-06, 1), 'Sequential_new': (6.24722325923852e-06, 0), 'abmil': (6.24722325923852e-06, 8), 'text_encoder': (6.24722325923852e-06, 149)}
2026-01-04 15:27:18,287 - echoclip.runner.runner - INFO - check optimizer `param_groups` lr @ epoch 78: {'Sequential_base': (5.737168930605281e-06, 1), 'Sequential_new': (5.737168930605281e-06, 0), 'abmil': (5.737168930605281e-06, 8), 'text_encoder': (5.737168930605281e-06, 149)}
2026-01-04 15:28:23,589 - echoclip.runner.runner - INFO - check optimizer `param_groups` lr @ epoch 79: {'Sequential_base': (5.246124690607749e-06, 1), 'Sequential_new': (5.246124690607749e-06, 0), 'abmil': (5.246124690607749e-06, 8), 'text_encoder': (5.246124690607749e-06, 149)}
2026-01-04 15:29:28,894 - echoclip.runner.runner - INFO - check optimizer `param_groups` lr @ epoch 80: {'Sequential_base': (4.774575140626324e-06, 1), 'Sequential_new': (4.774575140626324e-06, 0), 'abmil': (4.774575140626324e-06, 8), 'text_encoder': (4.774575140626324e-06, 149)}
2026-01-04 15:30:34,315 - echoclip.runner.runner - INFO - check optimizer `param_groups` lr @ epoch 81: {'Sequential_base': (4.322985643135964e-06, 1), 'Sequential_new': (4.322985643135964e-06, 0), 'abmil': (4.322985643135964e-06, 8), 'text_encoder': (4.322985643135964e-06, 149)}
2026-01-04 15:31:40,195 - echoclip.runner.runner - INFO - check optimizer `param_groups` lr @ epoch 82: {'Sequential_base': (3.891801862449635e-06, 1), 'Sequential_new': (3.891801862449635e-06, 0), 'abmil': (3.891801862449635e-06, 8), 'text_encoder': (3.891801862449635e-06, 149)}
2026-01-04 15:32:45,752 - echoclip.runner.runner - INFO - check optimizer `param_groups` lr @ epoch 83: {'Sequential_base': (3.4814493249014116e-06, 1), 'Sequential_new': (3.4814493249014116e-06, 0), 'abmil': (3.4814493249014116e-06, 8), 'text_encoder': (3.4814493249014116e-06, 149)}
2026-01-04 15:33:51,662 - echoclip.runner.runner - INFO - check optimizer `param_groups` lr @ epoch 84: {'Sequential_base': (3.0923329989034154e-06, 1), 'Sequential_new': (3.0923329989034154e-06, 0), 'abmil': (3.0923329989034154e-06, 8), 'text_encoder': (3.0923329989034154e-06, 149)}
2026-01-04 15:34:57,122 - echoclip.runner.runner - INFO - check optimizer `param_groups` lr @ epoch 85: {'Sequential_base': (2.7248368952908095e-06, 1), 'Sequential_new': (2.7248368952908095e-06, 0), 'abmil': (2.7248368952908095e-06, 8), 'text_encoder': (2.7248368952908095e-06, 149)}
2026-01-04 15:36:02,637 - echoclip.runner.runner - INFO - check optimizer `param_groups` lr @ epoch 86: {'Sequential_base': (2.37932368834952e-06, 1), 'Sequential_new': (2.37932368834952e-06, 0), 'abmil': (2.37932368834952e-06, 8), 'text_encoder': (2.37932368834952e-06, 149)}
2026-01-04 15:37:08,041 - echoclip.runner.runner - INFO - check optimizer `param_groups` lr @ epoch 87: {'Sequential_base': (2.0561343579004804e-06, 1), 'Sequential_new': (2.0561343579004804e-06, 0), 'abmil': (2.0561343579004804e-06, 8), 'text_encoder': (2.0561343579004804e-06, 149)}
2026-01-04 15:38:13,406 - echoclip.runner.runner - INFO - check optimizer `param_groups` lr @ epoch 88: {'Sequential_base': (1.7555878527937192e-06, 1), 'Sequential_new': (1.7555878527937192e-06, 0), 'abmil': (1.7555878527937192e-06, 8), 'text_encoder': (1.7555878527937192e-06, 149)}
2026-01-04 15:39:19,000 - echoclip.runner.runner - INFO - check optimizer `param_groups` lr @ epoch 89: {'Sequential_base': (1.4779807761443662e-06, 1), 'Sequential_new': (1.4779807761443662e-06, 0), 'abmil': (1.4779807761443662e-06, 8), 'text_encoder': (1.4779807761443662e-06, 149)}
2026-01-04 15:40:24,329 - echoclip.runner.runner - INFO - check optimizer `param_groups` lr @ epoch 90: {'Sequential_base': (1.2235870926211638e-06, 1), 'Sequential_new': (1.2235870926211638e-06, 0), 'abmil': (1.2235870926211638e-06, 8), 'text_encoder': (1.2235870926211638e-06, 149)}
2026-01-04 15:41:29,597 - echoclip.runner.runner - INFO - check optimizer `param_groups` lr @ epoch 91: {'Sequential_base': (9.926578580764278e-07, 1), 'Sequential_new': (9.926578580764278e-07, 0), 'abmil': (9.926578580764278e-07, 8), 'text_encoder': (9.926578580764278e-07, 149)}
2026-01-04 15:42:34,911 - echoclip.runner.runner - INFO - check optimizer `param_groups` lr @ epoch 92: {'Sequential_base': (7.854209717842272e-07, 1), 'Sequential_new': (7.854209717842272e-07, 0), 'abmil': (7.854209717842272e-07, 8), 'text_encoder': (7.854209717842272e-07, 149)}
2026-01-04 15:43:40,298 - echoclip.runner.runner - INFO - check optimizer `param_groups` lr @ epoch 93: {'Sequential_base': (6.020809515313179e-07, 1), 'Sequential_new': (6.020809515313179e-07, 0), 'abmil': (6.020809515313179e-07, 8), 'text_encoder': (6.020809515313179e-07, 149)}
2026-01-04 15:44:45,762 - echoclip.runner.runner - INFO - check optimizer `param_groups` lr @ epoch 94: {'Sequential_base': (4.4281873178278274e-07, 1), 'Sequential_new': (4.4281873178278274e-07, 0), 'abmil': (4.4281873178278274e-07, 8), 'text_encoder': (4.4281873178278274e-07, 149)}
2026-01-04 15:45:51,198 - echoclip.runner.runner - INFO - check optimizer `param_groups` lr @ epoch 95: {'Sequential_base': (3.0779148512155904e-07, 1), 'Sequential_new': (3.0779148512155904e-07, 0), 'abmil': (3.0779148512155904e-07, 8), 'text_encoder': (3.0779148512155904e-07, 149)}
2026-01-04 15:46:56,380 - echoclip.runner.runner - INFO - check optimizer `param_groups` lr @ epoch 96: {'Sequential_base': (1.9713246713805623e-07, 1), 'Sequential_new': (1.9713246713805623e-07, 0), 'abmil': (1.9713246713805623e-07, 8), 'text_encoder': (1.9713246713805623e-07, 149)}
2026-01-04 15:48:01,625 - echoclip.runner.runner - INFO - check optimizer `param_groups` lr @ epoch 97: {'Sequential_base': (1.1095088492300029e-07, 1), 'Sequential_new': (1.1095088492300029e-07, 0), 'abmil': (1.1095088492300029e-07, 8), 'text_encoder': (1.1095088492300029e-07, 149)}
2026-01-04 15:49:07,143 - echoclip.runner.runner - INFO - check optimizer `param_groups` lr @ epoch 98: {'Sequential_base': (4.933178929321111e-08, 1), 'Sequential_new': (4.933178929321111e-08, 0), 'abmil': (4.933178929321111e-08, 8), 'text_encoder': (4.933178929321111e-08, 149)}
2026-01-04 15:50:12,566 - echoclip.runner.runner - INFO - check optimizer `param_groups` lr @ epoch 99: {'Sequential_base': (1.233599085671002e-08, 1), 'Sequential_new': (1.233599085671002e-08, 0), 'abmil': (1.233599085671002e-08, 8), 'text_encoder': (1.233599085671002e-08, 149)}
2026-01-04 15:52:54,634 - __main__ - INFO - End training.
2026-01-04 15:52:54,634 - __main__ - INFO - Start testing ckpt: results/MICCAI/few-shot/1-shot/5e-5/2025/version_7/ckpts/epoch=64-val_mae_exp_metric=7.1135.ckpt.
2026-01-04 15:52:54,995 - echoclip.utils.registry - INFO - Build obj: EchoCLIP
2026-01-04 15:52:54,995 - echoclip.models.echoclip - INFO - irrelevant kwargs: {'prompt_learner_cfg': {'type': 'PlainPromptLearner', 'num_ranks': 5, 'num_base_ranks': 3, 'num_tokens_per_rank': 10, 'num_context_tokens': 10, 'rank_tokens_position': 'tail', 'init_rank_path': 'datasets/classnames_num.txt', 'init_context': 'THE LEFT VENTRICULAR EJECTION FRACTION IS ESTIMATED TO BE', 'rank_specific_context': False, 'interpolation_type': 'linear'}}
2026-01-04 15:54:33,097 - __main__ - INFO - End testing ckpt: results/MICCAI/few-shot/1-shot/5e-5/2025/version_7/ckpts/epoch=64-val_mae_exp_metric=7.1135.ckpt.
2026-01-04 15:54:33,097 - __main__ - INFO - Start testing ckpt: results/MICCAI/few-shot/1-shot/5e-5/2025/version_7/ckpts/last.ckpt.
2026-01-04 15:54:33,465 - echoclip.utils.registry - INFO - Build obj: EchoCLIP
2026-01-04 15:54:33,466 - echoclip.models.echoclip - INFO - irrelevant kwargs: {'prompt_learner_cfg': {'type': 'PlainPromptLearner', 'num_ranks': 5, 'num_base_ranks': 3, 'num_tokens_per_rank': 10, 'num_context_tokens': 10, 'rank_tokens_position': 'tail', 'init_rank_path': 'datasets/classnames_num.txt', 'init_context': 'THE LEFT VENTRICULAR EJECTION FRACTION IS ESTIMATED TO BE', 'rank_specific_context': False, 'interpolation_type': 'linear'}}
2026-01-04 15:56:11,491 - __main__ - INFO - End testing ckpt: results/MICCAI/few-shot/1-shot/5e-5/2025/version_7/ckpts/last.ckpt.
2026-01-04 15:56:11,491 - __main__ - INFO - End.
