2025-09-16 14:41:41,390 - echoclip.utils.logging - INFO - add file handler
2025-09-16 14:41:41,391 - __main__ - INFO - `deterministic` flag: False
2025-09-16 14:41:44,187 - echoclip.utils.registry - INFO - Build obj: EchoCLIP
2025-09-16 14:41:44,187 - echoclip.models.echoclip - INFO - irrelevant kwargs: {'prompt_learner_cfg': {'type': 'PlainPromptLearner', 'num_ranks': 5, 'num_base_ranks': 3, 'num_tokens_per_rank': 10, 'num_context_tokens': 10, 'rank_tokens_position': 'tail', 'init_rank_path': 'datasets/classnames_num.txt', 'init_context': 'THE LEFT VENTRICULAR EJECTION FRACTION IS ESTIMATED TO BE', 'rank_specific_context': False, 'interpolation_type': 'linear'}}
2025-09-16 14:41:47,290 - __main__ - INFO - Start training.
2025-09-16 14:41:47,317 - echoclip.runner.runner - INFO - staged_lr_image_encoder activated
2025-09-16 14:41:47,319 - echoclip.runner.runner - INFO - staged_lr_image_encoder activated
2025-09-16 14:41:47,319 - echoclip.runner.runner - INFO - freeze_param(self.model.logit_scale)
2025-09-16 14:41:49,877 - echoclip.runner.runner - INFO - check optimizer `param_groups` lr @ epoch 0: {'Sequential_base': (5e-05, 1), 'Sequential_new': (5e-05, 0), 'abmil': (5e-05, 8), 'text_encoder': (5e-05, 149)}
2025-09-16 14:43:00,562 - echoclip.runner.runner - INFO - check optimizer `param_groups` lr @ epoch 1: {'Sequential_base': (4.998766400914329e-05, 1), 'Sequential_new': (4.998766400914329e-05, 0), 'abmil': (4.998766400914329e-05, 8), 'text_encoder': (4.998766400914329e-05, 149)}
2025-09-16 14:44:06,394 - echoclip.runner.runner - INFO - check optimizer `param_groups` lr @ epoch 2: {'Sequential_base': (4.995066821070679e-05, 1), 'Sequential_new': (4.995066821070679e-05, 0), 'abmil': (4.995066821070679e-05, 8), 'text_encoder': (4.995066821070679e-05, 149)}
2025-09-16 14:45:12,411 - echoclip.runner.runner - INFO - check optimizer `param_groups` lr @ epoch 3: {'Sequential_base': (4.9889049115077005e-05, 1), 'Sequential_new': (4.9889049115077005e-05, 0), 'abmil': (4.9889049115077005e-05, 8), 'text_encoder': (4.9889049115077005e-05, 149)}
2025-09-16 14:46:18,337 - echoclip.runner.runner - INFO - check optimizer `param_groups` lr @ epoch 4: {'Sequential_base': (4.9802867532861956e-05, 1), 'Sequential_new': (4.9802867532861956e-05, 0), 'abmil': (4.9802867532861956e-05, 8), 'text_encoder': (4.9802867532861956e-05, 149)}
2025-09-16 14:47:23,976 - echoclip.runner.runner - INFO - check optimizer `param_groups` lr @ epoch 5: {'Sequential_base': (4.969220851487845e-05, 1), 'Sequential_new': (4.969220851487845e-05, 0), 'abmil': (4.969220851487845e-05, 8), 'text_encoder': (4.969220851487845e-05, 149)}
2025-09-16 14:48:29,908 - echoclip.runner.runner - INFO - check optimizer `param_groups` lr @ epoch 6: {'Sequential_base': (4.9557181268217227e-05, 1), 'Sequential_new': (4.9557181268217227e-05, 0), 'abmil': (4.9557181268217227e-05, 8), 'text_encoder': (4.9557181268217227e-05, 149)}
2025-09-16 14:49:36,733 - echoclip.runner.runner - INFO - check optimizer `param_groups` lr @ epoch 7: {'Sequential_base': (4.939791904846869e-05, 1), 'Sequential_new': (4.939791904846869e-05, 0), 'abmil': (4.939791904846869e-05, 8), 'text_encoder': (4.939791904846869e-05, 149)}
2025-09-16 14:50:42,418 - echoclip.runner.runner - INFO - check optimizer `param_groups` lr @ epoch 8: {'Sequential_base': (4.921457902821578e-05, 1), 'Sequential_new': (4.921457902821578e-05, 0), 'abmil': (4.921457902821578e-05, 8), 'text_encoder': (4.921457902821578e-05, 149)}
2025-09-16 14:51:47,703 - echoclip.runner.runner - INFO - check optimizer `param_groups` lr @ epoch 9: {'Sequential_base': (4.9007342141923585e-05, 1), 'Sequential_new': (4.9007342141923585e-05, 0), 'abmil': (4.9007342141923585e-05, 8), 'text_encoder': (4.9007342141923585e-05, 149)}
2025-09-16 14:52:53,730 - echoclip.runner.runner - INFO - check optimizer `param_groups` lr @ epoch 10: {'Sequential_base': (4.877641290737885e-05, 1), 'Sequential_new': (4.877641290737885e-05, 0), 'abmil': (4.877641290737885e-05, 8), 'text_encoder': (4.877641290737885e-05, 149)}
2025-09-16 14:54:01,037 - echoclip.runner.runner - INFO - check optimizer `param_groups` lr @ epoch 11: {'Sequential_base': (4.852201922385565e-05, 1), 'Sequential_new': (4.852201922385565e-05, 0), 'abmil': (4.852201922385565e-05, 8), 'text_encoder': (4.852201922385565e-05, 149)}
2025-09-16 14:55:08,314 - echoclip.runner.runner - INFO - check optimizer `param_groups` lr @ epoch 12: {'Sequential_base': (4.82444121472063e-05, 1), 'Sequential_new': (4.82444121472063e-05, 0), 'abmil': (4.82444121472063e-05, 8), 'text_encoder': (4.82444121472063e-05, 149)}
2025-09-16 14:56:15,464 - echoclip.runner.runner - INFO - check optimizer `param_groups` lr @ epoch 13: {'Sequential_base': (4.794386564209954e-05, 1), 'Sequential_new': (4.794386564209954e-05, 0), 'abmil': (4.794386564209954e-05, 8), 'text_encoder': (4.794386564209954e-05, 149)}
2025-09-16 14:57:22,616 - echoclip.runner.runner - INFO - check optimizer `param_groups` lr @ epoch 14: {'Sequential_base': (4.76206763116505e-05, 1), 'Sequential_new': (4.76206763116505e-05, 0), 'abmil': (4.76206763116505e-05, 8), 'text_encoder': (4.76206763116505e-05, 149)}
2025-09-16 14:58:31,147 - echoclip.runner.runner - INFO - check optimizer `param_groups` lr @ epoch 15: {'Sequential_base': (4.727516310470921e-05, 1), 'Sequential_new': (4.727516310470921e-05, 0), 'abmil': (4.727516310470921e-05, 8), 'text_encoder': (4.727516310470921e-05, 149)}
2025-09-16 14:59:39,855 - echoclip.runner.runner - INFO - check optimizer `param_groups` lr @ epoch 16: {'Sequential_base': (4.6907667001096604e-05, 1), 'Sequential_new': (4.6907667001096604e-05, 0), 'abmil': (4.6907667001096604e-05, 8), 'text_encoder': (4.6907667001096604e-05, 149)}
2025-09-16 15:00:47,127 - echoclip.runner.runner - INFO - check optimizer `param_groups` lr @ epoch 17: {'Sequential_base': (4.651855067509861e-05, 1), 'Sequential_new': (4.651855067509861e-05, 0), 'abmil': (4.651855067509861e-05, 8), 'text_encoder': (4.651855067509861e-05, 149)}
2025-09-16 15:01:54,393 - echoclip.runner.runner - INFO - check optimizer `param_groups` lr @ epoch 18: {'Sequential_base': (4.61081981375504e-05, 1), 'Sequential_new': (4.61081981375504e-05, 0), 'abmil': (4.61081981375504e-05, 8), 'text_encoder': (4.61081981375504e-05, 149)}
2025-09-16 15:03:01,875 - echoclip.runner.runner - INFO - check optimizer `param_groups` lr @ epoch 19: {'Sequential_base': (4.567701435686407e-05, 1), 'Sequential_new': (4.567701435686407e-05, 0), 'abmil': (4.567701435686407e-05, 8), 'text_encoder': (4.567701435686407e-05, 149)}
2025-09-16 15:04:07,783 - echoclip.runner.runner - INFO - check optimizer `param_groups` lr @ epoch 20: {'Sequential_base': (4.522542485937371e-05, 1), 'Sequential_new': (4.522542485937371e-05, 0), 'abmil': (4.522542485937371e-05, 8), 'text_encoder': (4.522542485937371e-05, 149)}
2025-09-16 15:05:13,152 - echoclip.runner.runner - INFO - check optimizer `param_groups` lr @ epoch 21: {'Sequential_base': (4.475387530939228e-05, 1), 'Sequential_new': (4.475387530939228e-05, 0), 'abmil': (4.475387530939228e-05, 8), 'text_encoder': (4.475387530939228e-05, 149)}
2025-09-16 15:06:19,367 - echoclip.runner.runner - INFO - check optimizer `param_groups` lr @ epoch 22: {'Sequential_base': (4.426283106939476e-05, 1), 'Sequential_new': (4.426283106939476e-05, 0), 'abmil': (4.426283106939476e-05, 8), 'text_encoder': (4.426283106939476e-05, 149)}
2025-09-16 15:07:24,191 - echoclip.runner.runner - INFO - check optimizer `param_groups` lr @ epoch 23: {'Sequential_base': (4.375277674076152e-05, 1), 'Sequential_new': (4.375277674076152e-05, 0), 'abmil': (4.375277674076152e-05, 8), 'text_encoder': (4.375277674076152e-05, 149)}
2025-09-16 15:08:30,036 - echoclip.runner.runner - INFO - check optimizer `param_groups` lr @ epoch 24: {'Sequential_base': (4.3224215685535314e-05, 1), 'Sequential_new': (4.3224215685535314e-05, 0), 'abmil': (4.3224215685535314e-05, 8), 'text_encoder': (4.3224215685535314e-05, 149)}
2025-09-16 15:09:35,128 - echoclip.runner.runner - INFO - check optimizer `param_groups` lr @ epoch 25: {'Sequential_base': (4.267766952966371e-05, 1), 'Sequential_new': (4.267766952966371e-05, 0), 'abmil': (4.267766952966371e-05, 8), 'text_encoder': (4.267766952966371e-05, 149)}
2025-09-16 15:10:40,389 - echoclip.runner.runner - INFO - check optimizer `param_groups` lr @ epoch 26: {'Sequential_base': (4.211367764821724e-05, 1), 'Sequential_new': (4.211367764821724e-05, 0), 'abmil': (4.211367764821724e-05, 8), 'text_encoder': (4.211367764821724e-05, 149)}
2025-09-16 15:11:46,699 - echoclip.runner.runner - INFO - check optimizer `param_groups` lr @ epoch 27: {'Sequential_base': (4.1532796633091316e-05, 1), 'Sequential_new': (4.1532796633091316e-05, 0), 'abmil': (4.1532796633091316e-05, 8), 'text_encoder': (4.1532796633091316e-05, 149)}
2025-09-16 15:12:53,224 - echoclip.runner.runner - INFO - check optimizer `param_groups` lr @ epoch 28: {'Sequential_base': (4.093559974371726e-05, 1), 'Sequential_new': (4.093559974371726e-05, 0), 'abmil': (4.093559974371726e-05, 8), 'text_encoder': (4.093559974371726e-05, 149)}
2025-09-16 15:13:59,354 - echoclip.runner.runner - INFO - check optimizer `param_groups` lr @ epoch 29: {'Sequential_base': (4.0322676341324435e-05, 1), 'Sequential_new': (4.0322676341324435e-05, 0), 'abmil': (4.0322676341324435e-05, 8), 'text_encoder': (4.0322676341324435e-05, 149)}
2025-09-16 15:15:06,033 - echoclip.runner.runner - INFO - check optimizer `param_groups` lr @ epoch 30: {'Sequential_base': (3.969463130731186e-05, 1), 'Sequential_new': (3.969463130731186e-05, 0), 'abmil': (3.969463130731186e-05, 8), 'text_encoder': (3.969463130731186e-05, 149)}
2025-09-16 15:16:12,042 - echoclip.runner.runner - INFO - check optimizer `param_groups` lr @ epoch 31: {'Sequential_base': (3.9052084446303294e-05, 1), 'Sequential_new': (3.9052084446303294e-05, 0), 'abmil': (3.9052084446303294e-05, 8), 'text_encoder': (3.9052084446303294e-05, 149)}
2025-09-16 15:17:16,830 - echoclip.runner.runner - INFO - check optimizer `param_groups` lr @ epoch 32: {'Sequential_base': (3.839566987447494e-05, 1), 'Sequential_new': (3.839566987447494e-05, 0), 'abmil': (3.839566987447494e-05, 8), 'text_encoder': (3.839566987447494e-05, 149)}
2025-09-16 15:18:22,839 - echoclip.runner.runner - INFO - check optimizer `param_groups` lr @ epoch 33: {'Sequential_base': (3.772603539375931e-05, 1), 'Sequential_new': (3.772603539375931e-05, 0), 'abmil': (3.772603539375931e-05, 8), 'text_encoder': (3.772603539375931e-05, 149)}
2025-09-16 15:19:28,727 - echoclip.runner.runner - INFO - check optimizer `param_groups` lr @ epoch 34: {'Sequential_base': (3.704384185254291e-05, 1), 'Sequential_new': (3.704384185254291e-05, 0), 'abmil': (3.704384185254291e-05, 8), 'text_encoder': (3.704384185254291e-05, 149)}
2025-09-16 15:20:33,306 - echoclip.runner.runner - INFO - check optimizer `param_groups` lr @ epoch 35: {'Sequential_base': (3.63497624934887e-05, 1), 'Sequential_new': (3.63497624934887e-05, 0), 'abmil': (3.63497624934887e-05, 8), 'text_encoder': (3.63497624934887e-05, 149)}
2025-09-16 15:21:39,215 - echoclip.runner.runner - INFO - check optimizer `param_groups` lr @ epoch 36: {'Sequential_base': (3.564448228912685e-05, 1), 'Sequential_new': (3.564448228912685e-05, 0), 'abmil': (3.564448228912685e-05, 8), 'text_encoder': (3.564448228912685e-05, 149)}
2025-09-16 15:22:45,245 - echoclip.runner.runner - INFO - check optimizer `param_groups` lr @ epoch 37: {'Sequential_base': (3.492869726586954e-05, 1), 'Sequential_new': (3.492869726586954e-05, 0), 'abmil': (3.492869726586954e-05, 8), 'text_encoder': (3.492869726586954e-05, 149)}
2025-09-16 15:23:49,990 - echoclip.runner.runner - INFO - check optimizer `param_groups` lr @ epoch 38: {'Sequential_base': (3.4203113817116984e-05, 1), 'Sequential_new': (3.4203113817116984e-05, 0), 'abmil': (3.4203113817116984e-05, 8), 'text_encoder': (3.4203113817116984e-05, 149)}
2025-09-16 15:24:56,294 - echoclip.runner.runner - INFO - check optimizer `param_groups` lr @ epoch 39: {'Sequential_base': (3.346844800613232e-05, 1), 'Sequential_new': (3.346844800613232e-05, 0), 'abmil': (3.346844800613232e-05, 8), 'text_encoder': (3.346844800613232e-05, 149)}
2025-09-16 15:26:01,032 - echoclip.runner.runner - INFO - check optimizer `param_groups` lr @ epoch 40: {'Sequential_base': (3.272542485937372e-05, 1), 'Sequential_new': (3.272542485937372e-05, 0), 'abmil': (3.272542485937372e-05, 8), 'text_encoder': (3.272542485937372e-05, 149)}
2025-09-16 15:27:06,155 - echoclip.runner.runner - INFO - check optimizer `param_groups` lr @ epoch 41: {'Sequential_base': (3.197477765098077e-05, 1), 'Sequential_new': (3.197477765098077e-05, 0), 'abmil': (3.197477765098077e-05, 8), 'text_encoder': (3.197477765098077e-05, 149)}
2025-09-16 15:28:11,119 - echoclip.runner.runner - INFO - check optimizer `param_groups` lr @ epoch 42: {'Sequential_base': (3.12172471791214e-05, 1), 'Sequential_new': (3.12172471791214e-05, 0), 'abmil': (3.12172471791214e-05, 8), 'text_encoder': (3.12172471791214e-05, 149)}
2025-09-16 15:29:16,114 - echoclip.runner.runner - INFO - check optimizer `param_groups` lr @ epoch 43: {'Sequential_base': (3.0453581034913598e-05, 1), 'Sequential_new': (3.0453581034913598e-05, 0), 'abmil': (3.0453581034913598e-05, 8), 'text_encoder': (3.0453581034913598e-05, 149)}
2025-09-16 15:30:21,114 - echoclip.runner.runner - INFO - check optimizer `param_groups` lr @ epoch 44: {'Sequential_base': (2.968453286464315e-05, 1), 'Sequential_new': (2.968453286464315e-05, 0), 'abmil': (2.968453286464315e-05, 8), 'text_encoder': (2.968453286464315e-05, 149)}
2025-09-16 15:31:26,003 - echoclip.runner.runner - INFO - check optimizer `param_groups` lr @ epoch 45: {'Sequential_base': (2.8910861626005803e-05, 1), 'Sequential_new': (2.8910861626005803e-05, 0), 'abmil': (2.8910861626005803e-05, 8), 'text_encoder': (2.8910861626005803e-05, 149)}
2025-09-16 15:32:30,937 - echoclip.runner.runner - INFO - check optimizer `param_groups` lr @ epoch 46: {'Sequential_base': (2.8133330839107642e-05, 1), 'Sequential_new': (2.8133330839107642e-05, 0), 'abmil': (2.8133330839107642e-05, 8), 'text_encoder': (2.8133330839107642e-05, 149)}
2025-09-16 15:33:35,774 - echoclip.runner.runner - INFO - check optimizer `param_groups` lr @ epoch 47: {'Sequential_base': (2.7352707832962885e-05, 1), 'Sequential_new': (2.7352707832962885e-05, 0), 'abmil': (2.7352707832962885e-05, 8), 'text_encoder': (2.7352707832962885e-05, 149)}
2025-09-16 15:34:40,634 - echoclip.runner.runner - INFO - check optimizer `param_groups` lr @ epoch 48: {'Sequential_base': (2.6569762988232866e-05, 1), 'Sequential_new': (2.6569762988232866e-05, 0), 'abmil': (2.6569762988232866e-05, 8), 'text_encoder': (2.6569762988232866e-05, 149)}
2025-09-16 15:35:45,419 - echoclip.runner.runner - INFO - check optimizer `param_groups` lr @ epoch 49: {'Sequential_base': (2.5785268976953237e-05, 1), 'Sequential_new': (2.5785268976953237e-05, 0), 'abmil': (2.5785268976953237e-05, 8), 'text_encoder': (2.5785268976953237e-05, 149)}
2025-09-16 15:36:50,454 - echoclip.runner.runner - INFO - check optimizer `param_groups` lr @ epoch 50: {'Sequential_base': (2.5000000000000028e-05, 1), 'Sequential_new': (2.5000000000000028e-05, 0), 'abmil': (2.5000000000000028e-05, 8), 'text_encoder': (2.5000000000000028e-05, 149)}
2025-09-16 15:37:55,288 - echoclip.runner.runner - INFO - check optimizer `param_groups` lr @ epoch 51: {'Sequential_base': (2.421473102304682e-05, 1), 'Sequential_new': (2.421473102304682e-05, 0), 'abmil': (2.421473102304682e-05, 8), 'text_encoder': (2.421473102304682e-05, 149)}
2025-09-16 15:39:00,104 - echoclip.runner.runner - INFO - check optimizer `param_groups` lr @ epoch 52: {'Sequential_base': (2.343023701176719e-05, 1), 'Sequential_new': (2.343023701176719e-05, 0), 'abmil': (2.343023701176719e-05, 8), 'text_encoder': (2.343023701176719e-05, 149)}
2025-09-16 15:40:05,012 - echoclip.runner.runner - INFO - check optimizer `param_groups` lr @ epoch 53: {'Sequential_base': (2.2647292167037164e-05, 1), 'Sequential_new': (2.2647292167037164e-05, 0), 'abmil': (2.2647292167037164e-05, 8), 'text_encoder': (2.2647292167037164e-05, 149)}
2025-09-16 15:41:09,811 - echoclip.runner.runner - INFO - check optimizer `param_groups` lr @ epoch 54: {'Sequential_base': (2.1866669160892418e-05, 1), 'Sequential_new': (2.1866669160892418e-05, 0), 'abmil': (2.1866669160892418e-05, 8), 'text_encoder': (2.1866669160892418e-05, 149)}
2025-09-16 15:42:14,657 - echoclip.runner.runner - INFO - check optimizer `param_groups` lr @ epoch 55: {'Sequential_base': (2.108913837399425e-05, 1), 'Sequential_new': (2.108913837399425e-05, 0), 'abmil': (2.108913837399425e-05, 8), 'text_encoder': (2.108913837399425e-05, 149)}
2025-09-16 15:43:19,542 - echoclip.runner.runner - INFO - check optimizer `param_groups` lr @ epoch 56: {'Sequential_base': (2.0315467135356907e-05, 1), 'Sequential_new': (2.0315467135356907e-05, 0), 'abmil': (2.0315467135356907e-05, 8), 'text_encoder': (2.0315467135356907e-05, 149)}
2025-09-16 15:44:24,313 - echoclip.runner.runner - INFO - check optimizer `param_groups` lr @ epoch 57: {'Sequential_base': (1.9546418965086466e-05, 1), 'Sequential_new': (1.9546418965086466e-05, 0), 'abmil': (1.9546418965086466e-05, 8), 'text_encoder': (1.9546418965086466e-05, 149)}
2025-09-16 15:45:29,786 - echoclip.runner.runner - INFO - check optimizer `param_groups` lr @ epoch 58: {'Sequential_base': (1.878275282087865e-05, 1), 'Sequential_new': (1.878275282087865e-05, 0), 'abmil': (1.878275282087865e-05, 8), 'text_encoder': (1.878275282087865e-05, 149)}
2025-09-16 15:46:34,727 - echoclip.runner.runner - INFO - check optimizer `param_groups` lr @ epoch 59: {'Sequential_base': (1.8025222349019294e-05, 1), 'Sequential_new': (1.8025222349019294e-05, 0), 'abmil': (1.8025222349019294e-05, 8), 'text_encoder': (1.8025222349019294e-05, 149)}
2025-09-16 15:47:39,707 - echoclip.runner.runner - INFO - check optimizer `param_groups` lr @ epoch 60: {'Sequential_base': (1.7274575140626345e-05, 1), 'Sequential_new': (1.7274575140626345e-05, 0), 'abmil': (1.7274575140626345e-05, 8), 'text_encoder': (1.7274575140626345e-05, 149)}
2025-09-16 15:48:44,803 - echoclip.runner.runner - INFO - check optimizer `param_groups` lr @ epoch 61: {'Sequential_base': (1.6531551993867737e-05, 1), 'Sequential_new': (1.6531551993867737e-05, 0), 'abmil': (1.6531551993867737e-05, 8), 'text_encoder': (1.6531551993867737e-05, 149)}
2025-09-16 15:49:49,838 - echoclip.runner.runner - INFO - check optimizer `param_groups` lr @ epoch 62: {'Sequential_base': (1.579688618288308e-05, 1), 'Sequential_new': (1.579688618288308e-05, 0), 'abmil': (1.579688618288308e-05, 8), 'text_encoder': (1.579688618288308e-05, 149)}
2025-09-16 15:50:54,941 - echoclip.runner.runner - INFO - check optimizer `param_groups` lr @ epoch 63: {'Sequential_base': (1.5071302734130502e-05, 1), 'Sequential_new': (1.5071302734130502e-05, 0), 'abmil': (1.5071302734130502e-05, 8), 'text_encoder': (1.5071302734130502e-05, 149)}
2025-09-16 15:52:00,010 - echoclip.runner.runner - INFO - check optimizer `param_groups` lr @ epoch 64: {'Sequential_base': (1.4355517710873202e-05, 1), 'Sequential_new': (1.4355517710873202e-05, 0), 'abmil': (1.4355517710873202e-05, 8), 'text_encoder': (1.4355517710873202e-05, 149)}
2025-09-16 15:53:05,054 - echoclip.runner.runner - INFO - check optimizer `param_groups` lr @ epoch 65: {'Sequential_base': (1.365023750651135e-05, 1), 'Sequential_new': (1.365023750651135e-05, 0), 'abmil': (1.365023750651135e-05, 8), 'text_encoder': (1.365023750651135e-05, 149)}
2025-09-16 15:54:10,037 - echoclip.runner.runner - INFO - check optimizer `param_groups` lr @ epoch 66: {'Sequential_base': (1.2956158147457131e-05, 1), 'Sequential_new': (1.2956158147457131e-05, 0), 'abmil': (1.2956158147457131e-05, 8), 'text_encoder': (1.2956158147457131e-05, 149)}
2025-09-16 15:55:15,106 - echoclip.runner.runner - INFO - check optimizer `param_groups` lr @ epoch 67: {'Sequential_base': (1.2273964606240733e-05, 1), 'Sequential_new': (1.2273964606240733e-05, 0), 'abmil': (1.2273964606240733e-05, 8), 'text_encoder': (1.2273964606240733e-05, 149)}
2025-09-16 15:56:20,248 - echoclip.runner.runner - INFO - check optimizer `param_groups` lr @ epoch 68: {'Sequential_base': (1.1604330125525094e-05, 1), 'Sequential_new': (1.1604330125525094e-05, 0), 'abmil': (1.1604330125525094e-05, 8), 'text_encoder': (1.1604330125525094e-05, 149)}
2025-09-16 15:57:25,233 - echoclip.runner.runner - INFO - check optimizer `param_groups` lr @ epoch 69: {'Sequential_base': (1.0947915553696749e-05, 1), 'Sequential_new': (1.0947915553696749e-05, 0), 'abmil': (1.0947915553696749e-05, 8), 'text_encoder': (1.0947915553696749e-05, 149)}
2025-09-16 15:58:30,159 - echoclip.runner.runner - INFO - check optimizer `param_groups` lr @ epoch 70: {'Sequential_base': (1.030536869268819e-05, 1), 'Sequential_new': (1.030536869268819e-05, 0), 'abmil': (1.030536869268819e-05, 8), 'text_encoder': (1.030536869268819e-05, 149)}
2025-09-16 15:59:35,262 - echoclip.runner.runner - INFO - check optimizer `param_groups` lr @ epoch 71: {'Sequential_base': (9.677323658675599e-06, 1), 'Sequential_new': (9.677323658675599e-06, 0), 'abmil': (9.677323658675599e-06, 8), 'text_encoder': (9.677323658675599e-06, 149)}
2025-09-16 16:00:40,381 - echoclip.runner.runner - INFO - check optimizer `param_groups` lr @ epoch 72: {'Sequential_base': (9.06440025628277e-06, 1), 'Sequential_new': (9.06440025628277e-06, 0), 'abmil': (9.06440025628277e-06, 8), 'text_encoder': (9.06440025628277e-06, 149)}
2025-09-16 16:01:45,502 - echoclip.runner.runner - INFO - check optimizer `param_groups` lr @ epoch 73: {'Sequential_base': (8.46720336690872e-06, 1), 'Sequential_new': (8.46720336690872e-06, 0), 'abmil': (8.46720336690872e-06, 8), 'text_encoder': (8.46720336690872e-06, 149)}
2025-09-16 16:02:50,539 - echoclip.runner.runner - INFO - check optimizer `param_groups` lr @ epoch 74: {'Sequential_base': (7.886322351782794e-06, 1), 'Sequential_new': (7.886322351782794e-06, 0), 'abmil': (7.886322351782794e-06, 8), 'text_encoder': (7.886322351782794e-06, 149)}
2025-09-16 16:03:55,518 - echoclip.runner.runner - INFO - check optimizer `param_groups` lr @ epoch 75: {'Sequential_base': (7.322330470336325e-06, 1), 'Sequential_new': (7.322330470336325e-06, 0), 'abmil': (7.322330470336325e-06, 8), 'text_encoder': (7.322330470336325e-06, 149)}
2025-09-16 16:05:01,748 - echoclip.runner.runner - INFO - check optimizer `param_groups` lr @ epoch 76: {'Sequential_base': (6.775784314464728e-06, 1), 'Sequential_new': (6.775784314464728e-06, 0), 'abmil': (6.775784314464728e-06, 8), 'text_encoder': (6.775784314464728e-06, 149)}
2025-09-16 16:06:06,606 - echoclip.runner.runner - INFO - check optimizer `param_groups` lr @ epoch 77: {'Sequential_base': (6.24722325923852e-06, 1), 'Sequential_new': (6.24722325923852e-06, 0), 'abmil': (6.24722325923852e-06, 8), 'text_encoder': (6.24722325923852e-06, 149)}
2025-09-16 16:07:11,966 - echoclip.runner.runner - INFO - check optimizer `param_groups` lr @ epoch 78: {'Sequential_base': (5.737168930605281e-06, 1), 'Sequential_new': (5.737168930605281e-06, 0), 'abmil': (5.737168930605281e-06, 8), 'text_encoder': (5.737168930605281e-06, 149)}
2025-09-16 16:08:17,059 - echoclip.runner.runner - INFO - check optimizer `param_groups` lr @ epoch 79: {'Sequential_base': (5.246124690607749e-06, 1), 'Sequential_new': (5.246124690607749e-06, 0), 'abmil': (5.246124690607749e-06, 8), 'text_encoder': (5.246124690607749e-06, 149)}
2025-09-16 16:09:22,253 - echoclip.runner.runner - INFO - check optimizer `param_groups` lr @ epoch 80: {'Sequential_base': (4.774575140626324e-06, 1), 'Sequential_new': (4.774575140626324e-06, 0), 'abmil': (4.774575140626324e-06, 8), 'text_encoder': (4.774575140626324e-06, 149)}
2025-09-16 16:10:27,409 - echoclip.runner.runner - INFO - check optimizer `param_groups` lr @ epoch 81: {'Sequential_base': (4.322985643135964e-06, 1), 'Sequential_new': (4.322985643135964e-06, 0), 'abmil': (4.322985643135964e-06, 8), 'text_encoder': (4.322985643135964e-06, 149)}
2025-09-16 16:11:32,454 - echoclip.runner.runner - INFO - check optimizer `param_groups` lr @ epoch 82: {'Sequential_base': (3.891801862449635e-06, 1), 'Sequential_new': (3.891801862449635e-06, 0), 'abmil': (3.891801862449635e-06, 8), 'text_encoder': (3.891801862449635e-06, 149)}
2025-09-16 16:12:37,299 - echoclip.runner.runner - INFO - check optimizer `param_groups` lr @ epoch 83: {'Sequential_base': (3.4814493249014116e-06, 1), 'Sequential_new': (3.4814493249014116e-06, 0), 'abmil': (3.4814493249014116e-06, 8), 'text_encoder': (3.4814493249014116e-06, 149)}
2025-09-16 16:13:43,457 - echoclip.runner.runner - INFO - check optimizer `param_groups` lr @ epoch 84: {'Sequential_base': (3.0923329989034154e-06, 1), 'Sequential_new': (3.0923329989034154e-06, 0), 'abmil': (3.0923329989034154e-06, 8), 'text_encoder': (3.0923329989034154e-06, 149)}
2025-09-16 16:14:49,490 - echoclip.runner.runner - INFO - check optimizer `param_groups` lr @ epoch 85: {'Sequential_base': (2.7248368952908095e-06, 1), 'Sequential_new': (2.7248368952908095e-06, 0), 'abmil': (2.7248368952908095e-06, 8), 'text_encoder': (2.7248368952908095e-06, 149)}
2025-09-16 16:15:54,448 - echoclip.runner.runner - INFO - check optimizer `param_groups` lr @ epoch 86: {'Sequential_base': (2.37932368834952e-06, 1), 'Sequential_new': (2.37932368834952e-06, 0), 'abmil': (2.37932368834952e-06, 8), 'text_encoder': (2.37932368834952e-06, 149)}
2025-09-16 16:17:00,693 - echoclip.runner.runner - INFO - check optimizer `param_groups` lr @ epoch 87: {'Sequential_base': (2.0561343579004804e-06, 1), 'Sequential_new': (2.0561343579004804e-06, 0), 'abmil': (2.0561343579004804e-06, 8), 'text_encoder': (2.0561343579004804e-06, 149)}
2025-09-16 16:18:05,660 - echoclip.runner.runner - INFO - check optimizer `param_groups` lr @ epoch 88: {'Sequential_base': (1.7555878527937192e-06, 1), 'Sequential_new': (1.7555878527937192e-06, 0), 'abmil': (1.7555878527937192e-06, 8), 'text_encoder': (1.7555878527937192e-06, 149)}
2025-09-16 16:19:10,577 - echoclip.runner.runner - INFO - check optimizer `param_groups` lr @ epoch 89: {'Sequential_base': (1.4779807761443662e-06, 1), 'Sequential_new': (1.4779807761443662e-06, 0), 'abmil': (1.4779807761443662e-06, 8), 'text_encoder': (1.4779807761443662e-06, 149)}
2025-09-16 16:20:15,661 - echoclip.runner.runner - INFO - check optimizer `param_groups` lr @ epoch 90: {'Sequential_base': (1.2235870926211638e-06, 1), 'Sequential_new': (1.2235870926211638e-06, 0), 'abmil': (1.2235870926211638e-06, 8), 'text_encoder': (1.2235870926211638e-06, 149)}
2025-09-16 16:21:20,647 - echoclip.runner.runner - INFO - check optimizer `param_groups` lr @ epoch 91: {'Sequential_base': (9.926578580764278e-07, 1), 'Sequential_new': (9.926578580764278e-07, 0), 'abmil': (9.926578580764278e-07, 8), 'text_encoder': (9.926578580764278e-07, 149)}
2025-09-16 16:22:25,833 - echoclip.runner.runner - INFO - check optimizer `param_groups` lr @ epoch 92: {'Sequential_base': (7.854209717842272e-07, 1), 'Sequential_new': (7.854209717842272e-07, 0), 'abmil': (7.854209717842272e-07, 8), 'text_encoder': (7.854209717842272e-07, 149)}
2025-09-16 16:23:30,670 - echoclip.runner.runner - INFO - check optimizer `param_groups` lr @ epoch 93: {'Sequential_base': (6.020809515313179e-07, 1), 'Sequential_new': (6.020809515313179e-07, 0), 'abmil': (6.020809515313179e-07, 8), 'text_encoder': (6.020809515313179e-07, 149)}
2025-09-16 16:24:35,530 - echoclip.runner.runner - INFO - check optimizer `param_groups` lr @ epoch 94: {'Sequential_base': (4.4281873178278274e-07, 1), 'Sequential_new': (4.4281873178278274e-07, 0), 'abmil': (4.4281873178278274e-07, 8), 'text_encoder': (4.4281873178278274e-07, 149)}
2025-09-16 16:25:40,437 - echoclip.runner.runner - INFO - check optimizer `param_groups` lr @ epoch 95: {'Sequential_base': (3.0779148512155904e-07, 1), 'Sequential_new': (3.0779148512155904e-07, 0), 'abmil': (3.0779148512155904e-07, 8), 'text_encoder': (3.0779148512155904e-07, 149)}
2025-09-16 16:26:45,328 - echoclip.runner.runner - INFO - check optimizer `param_groups` lr @ epoch 96: {'Sequential_base': (1.9713246713805623e-07, 1), 'Sequential_new': (1.9713246713805623e-07, 0), 'abmil': (1.9713246713805623e-07, 8), 'text_encoder': (1.9713246713805623e-07, 149)}
2025-09-16 16:27:50,231 - echoclip.runner.runner - INFO - check optimizer `param_groups` lr @ epoch 97: {'Sequential_base': (1.1095088492300029e-07, 1), 'Sequential_new': (1.1095088492300029e-07, 0), 'abmil': (1.1095088492300029e-07, 8), 'text_encoder': (1.1095088492300029e-07, 149)}
2025-09-16 16:28:55,514 - echoclip.runner.runner - INFO - check optimizer `param_groups` lr @ epoch 98: {'Sequential_base': (4.933178929321111e-08, 1), 'Sequential_new': (4.933178929321111e-08, 0), 'abmil': (4.933178929321111e-08, 8), 'text_encoder': (4.933178929321111e-08, 149)}
2025-09-16 16:30:00,525 - echoclip.runner.runner - INFO - check optimizer `param_groups` lr @ epoch 99: {'Sequential_base': (1.233599085671002e-08, 1), 'Sequential_new': (1.233599085671002e-08, 0), 'abmil': (1.233599085671002e-08, 8), 'text_encoder': (1.233599085671002e-08, 149)}
2025-09-16 16:32:41,581 - __main__ - INFO - End training.
2025-09-16 16:32:41,582 - __main__ - INFO - Start testing ckpt: results/MICCAI/few-shot/1-shot/5e-5/version_6/ckpts/last.ckpt.
2025-09-16 16:32:41,988 - echoclip.utils.registry - INFO - Build obj: EchoCLIP
2025-09-16 16:32:41,988 - echoclip.models.echoclip - INFO - irrelevant kwargs: {'prompt_learner_cfg': {'type': 'PlainPromptLearner', 'num_ranks': 5, 'num_base_ranks': 3, 'num_tokens_per_rank': 10, 'num_context_tokens': 10, 'rank_tokens_position': 'tail', 'init_rank_path': 'datasets/classnames_num.txt', 'init_context': 'THE LEFT VENTRICULAR EJECTION FRACTION IS ESTIMATED TO BE', 'rank_specific_context': False, 'interpolation_type': 'linear'}}
2025-09-16 16:34:19,801 - __main__ - INFO - End testing ckpt: results/MICCAI/few-shot/1-shot/5e-5/version_6/ckpts/last.ckpt.
2025-09-16 16:34:19,802 - __main__ - INFO - Start testing ckpt: results/MICCAI/few-shot/1-shot/5e-5/version_6/ckpts/epoch=86-val_mae_exp_metric=6.7097.ckpt.
2025-09-16 16:34:20,200 - echoclip.utils.registry - INFO - Build obj: EchoCLIP
2025-09-16 16:34:20,201 - echoclip.models.echoclip - INFO - irrelevant kwargs: {'prompt_learner_cfg': {'type': 'PlainPromptLearner', 'num_ranks': 5, 'num_base_ranks': 3, 'num_tokens_per_rank': 10, 'num_context_tokens': 10, 'rank_tokens_position': 'tail', 'init_rank_path': 'datasets/classnames_num.txt', 'init_context': 'THE LEFT VENTRICULAR EJECTION FRACTION IS ESTIMATED TO BE', 'rank_specific_context': False, 'interpolation_type': 'linear'}}
2025-09-16 16:35:57,967 - __main__ - INFO - End testing ckpt: results/MICCAI/few-shot/1-shot/5e-5/version_6/ckpts/epoch=86-val_mae_exp_metric=6.7097.ckpt.
2025-09-16 16:35:57,968 - __main__ - INFO - End.
