2025-09-16 16:40:20,335 - echoclip.utils.logging - INFO - add file handler
2025-09-16 16:40:20,336 - __main__ - INFO - `deterministic` flag: False
2025-09-16 16:40:23,261 - echoclip.utils.registry - INFO - Build obj: EchoCLIP
2025-09-16 16:40:23,262 - echoclip.models.echoclip - INFO - irrelevant kwargs: {'prompt_learner_cfg': {'type': 'PlainPromptLearner', 'num_ranks': 5, 'num_base_ranks': 3, 'num_tokens_per_rank': 10, 'num_context_tokens': 10, 'rank_tokens_position': 'tail', 'init_rank_path': 'datasets/classnames_num.txt', 'init_context': 'THE LEFT VENTRICULAR EJECTION FRACTION IS ESTIMATED TO BE', 'rank_specific_context': False, 'interpolation_type': 'linear'}}
2025-09-16 16:40:26,577 - __main__ - INFO - Start training.
2025-09-16 16:40:26,598 - echoclip.runner.runner - INFO - staged_lr_image_encoder activated
2025-09-16 16:40:26,600 - echoclip.runner.runner - INFO - staged_lr_image_encoder activated
2025-09-16 16:40:26,600 - echoclip.runner.runner - INFO - freeze_param(self.model.logit_scale)
2025-09-16 16:40:30,183 - echoclip.runner.runner - INFO - check optimizer `param_groups` lr @ epoch 0: {'Sequential_base': (5e-05, 1), 'Sequential_new': (5e-05, 0), 'abmil': (5e-05, 8), 'text_encoder': (5e-05, 149)}
2025-09-16 16:44:00,719 - echoclip.runner.runner - INFO - check optimizer `param_groups` lr @ epoch 1: {'Sequential_base': (4.998766400914329e-05, 1), 'Sequential_new': (4.998766400914329e-05, 0), 'abmil': (4.998766400914329e-05, 8), 'text_encoder': (4.998766400914329e-05, 149)}
2025-09-16 16:47:20,928 - echoclip.runner.runner - INFO - check optimizer `param_groups` lr @ epoch 2: {'Sequential_base': (4.995066821070679e-05, 1), 'Sequential_new': (4.995066821070679e-05, 0), 'abmil': (4.995066821070679e-05, 8), 'text_encoder': (4.995066821070679e-05, 149)}
2025-09-16 16:50:42,268 - echoclip.runner.runner - INFO - check optimizer `param_groups` lr @ epoch 3: {'Sequential_base': (4.9889049115077005e-05, 1), 'Sequential_new': (4.9889049115077005e-05, 0), 'abmil': (4.9889049115077005e-05, 8), 'text_encoder': (4.9889049115077005e-05, 149)}
2025-09-16 16:54:01,981 - echoclip.runner.runner - INFO - check optimizer `param_groups` lr @ epoch 4: {'Sequential_base': (4.9802867532861956e-05, 1), 'Sequential_new': (4.9802867532861956e-05, 0), 'abmil': (4.9802867532861956e-05, 8), 'text_encoder': (4.9802867532861956e-05, 149)}
2025-09-16 16:57:23,128 - echoclip.runner.runner - INFO - check optimizer `param_groups` lr @ epoch 5: {'Sequential_base': (4.969220851487845e-05, 1), 'Sequential_new': (4.969220851487845e-05, 0), 'abmil': (4.969220851487845e-05, 8), 'text_encoder': (4.969220851487845e-05, 149)}
2025-09-16 17:00:42,961 - echoclip.runner.runner - INFO - check optimizer `param_groups` lr @ epoch 6: {'Sequential_base': (4.9557181268217227e-05, 1), 'Sequential_new': (4.9557181268217227e-05, 0), 'abmil': (4.9557181268217227e-05, 8), 'text_encoder': (4.9557181268217227e-05, 149)}
2025-09-16 17:04:04,933 - echoclip.runner.runner - INFO - check optimizer `param_groups` lr @ epoch 7: {'Sequential_base': (4.939791904846869e-05, 1), 'Sequential_new': (4.939791904846869e-05, 0), 'abmil': (4.939791904846869e-05, 8), 'text_encoder': (4.939791904846869e-05, 149)}
2025-09-16 17:07:24,274 - echoclip.runner.runner - INFO - check optimizer `param_groups` lr @ epoch 8: {'Sequential_base': (4.921457902821578e-05, 1), 'Sequential_new': (4.921457902821578e-05, 0), 'abmil': (4.921457902821578e-05, 8), 'text_encoder': (4.921457902821578e-05, 149)}
2025-09-16 17:10:45,231 - echoclip.runner.runner - INFO - check optimizer `param_groups` lr @ epoch 9: {'Sequential_base': (4.9007342141923585e-05, 1), 'Sequential_new': (4.9007342141923585e-05, 0), 'abmil': (4.9007342141923585e-05, 8), 'text_encoder': (4.9007342141923585e-05, 149)}
2025-09-16 17:14:07,182 - echoclip.runner.runner - INFO - check optimizer `param_groups` lr @ epoch 10: {'Sequential_base': (4.877641290737885e-05, 1), 'Sequential_new': (4.877641290737885e-05, 0), 'abmil': (4.877641290737885e-05, 8), 'text_encoder': (4.877641290737885e-05, 149)}
2025-09-16 17:17:30,957 - echoclip.runner.runner - INFO - check optimizer `param_groups` lr @ epoch 11: {'Sequential_base': (4.852201922385565e-05, 1), 'Sequential_new': (4.852201922385565e-05, 0), 'abmil': (4.852201922385565e-05, 8), 'text_encoder': (4.852201922385565e-05, 149)}
2025-09-16 17:20:50,546 - echoclip.runner.runner - INFO - check optimizer `param_groups` lr @ epoch 12: {'Sequential_base': (4.82444121472063e-05, 1), 'Sequential_new': (4.82444121472063e-05, 0), 'abmil': (4.82444121472063e-05, 8), 'text_encoder': (4.82444121472063e-05, 149)}
2025-09-16 17:24:10,171 - echoclip.runner.runner - INFO - check optimizer `param_groups` lr @ epoch 13: {'Sequential_base': (4.794386564209954e-05, 1), 'Sequential_new': (4.794386564209954e-05, 0), 'abmil': (4.794386564209954e-05, 8), 'text_encoder': (4.794386564209954e-05, 149)}
2025-09-16 17:27:29,769 - echoclip.runner.runner - INFO - check optimizer `param_groups` lr @ epoch 14: {'Sequential_base': (4.76206763116505e-05, 1), 'Sequential_new': (4.76206763116505e-05, 0), 'abmil': (4.76206763116505e-05, 8), 'text_encoder': (4.76206763116505e-05, 149)}
2025-09-16 17:30:49,978 - echoclip.runner.runner - INFO - check optimizer `param_groups` lr @ epoch 15: {'Sequential_base': (4.727516310470921e-05, 1), 'Sequential_new': (4.727516310470921e-05, 0), 'abmil': (4.727516310470921e-05, 8), 'text_encoder': (4.727516310470921e-05, 149)}
2025-09-16 17:34:09,585 - echoclip.runner.runner - INFO - check optimizer `param_groups` lr @ epoch 16: {'Sequential_base': (4.6907667001096604e-05, 1), 'Sequential_new': (4.6907667001096604e-05, 0), 'abmil': (4.6907667001096604e-05, 8), 'text_encoder': (4.6907667001096604e-05, 149)}
2025-09-16 17:37:29,245 - echoclip.runner.runner - INFO - check optimizer `param_groups` lr @ epoch 17: {'Sequential_base': (4.651855067509861e-05, 1), 'Sequential_new': (4.651855067509861e-05, 0), 'abmil': (4.651855067509861e-05, 8), 'text_encoder': (4.651855067509861e-05, 149)}
2025-09-16 17:40:48,136 - echoclip.runner.runner - INFO - check optimizer `param_groups` lr @ epoch 18: {'Sequential_base': (4.61081981375504e-05, 1), 'Sequential_new': (4.61081981375504e-05, 0), 'abmil': (4.61081981375504e-05, 8), 'text_encoder': (4.61081981375504e-05, 149)}
2025-09-16 17:44:07,599 - echoclip.runner.runner - INFO - check optimizer `param_groups` lr @ epoch 19: {'Sequential_base': (4.567701435686407e-05, 1), 'Sequential_new': (4.567701435686407e-05, 0), 'abmil': (4.567701435686407e-05, 8), 'text_encoder': (4.567701435686407e-05, 149)}
2025-09-16 17:47:29,599 - echoclip.runner.runner - INFO - check optimizer `param_groups` lr @ epoch 20: {'Sequential_base': (4.522542485937371e-05, 1), 'Sequential_new': (4.522542485937371e-05, 0), 'abmil': (4.522542485937371e-05, 8), 'text_encoder': (4.522542485937371e-05, 149)}
2025-09-16 17:50:50,194 - echoclip.runner.runner - INFO - check optimizer `param_groups` lr @ epoch 21: {'Sequential_base': (4.475387530939228e-05, 1), 'Sequential_new': (4.475387530939228e-05, 0), 'abmil': (4.475387530939228e-05, 8), 'text_encoder': (4.475387530939228e-05, 149)}
2025-09-16 17:54:09,020 - echoclip.runner.runner - INFO - check optimizer `param_groups` lr @ epoch 22: {'Sequential_base': (4.426283106939476e-05, 1), 'Sequential_new': (4.426283106939476e-05, 0), 'abmil': (4.426283106939476e-05, 8), 'text_encoder': (4.426283106939476e-05, 149)}
2025-09-16 17:57:27,419 - echoclip.runner.runner - INFO - check optimizer `param_groups` lr @ epoch 23: {'Sequential_base': (4.375277674076152e-05, 1), 'Sequential_new': (4.375277674076152e-05, 0), 'abmil': (4.375277674076152e-05, 8), 'text_encoder': (4.375277674076152e-05, 149)}
2025-09-16 18:00:45,840 - echoclip.runner.runner - INFO - check optimizer `param_groups` lr @ epoch 24: {'Sequential_base': (4.3224215685535314e-05, 1), 'Sequential_new': (4.3224215685535314e-05, 0), 'abmil': (4.3224215685535314e-05, 8), 'text_encoder': (4.3224215685535314e-05, 149)}
2025-09-16 18:04:05,931 - echoclip.runner.runner - INFO - check optimizer `param_groups` lr @ epoch 25: {'Sequential_base': (4.267766952966371e-05, 1), 'Sequential_new': (4.267766952966371e-05, 0), 'abmil': (4.267766952966371e-05, 8), 'text_encoder': (4.267766952966371e-05, 149)}
2025-09-16 18:07:24,539 - echoclip.runner.runner - INFO - check optimizer `param_groups` lr @ epoch 26: {'Sequential_base': (4.211367764821724e-05, 1), 'Sequential_new': (4.211367764821724e-05, 0), 'abmil': (4.211367764821724e-05, 8), 'text_encoder': (4.211367764821724e-05, 149)}
2025-09-16 18:10:43,459 - echoclip.runner.runner - INFO - check optimizer `param_groups` lr @ epoch 27: {'Sequential_base': (4.1532796633091316e-05, 1), 'Sequential_new': (4.1532796633091316e-05, 0), 'abmil': (4.1532796633091316e-05, 8), 'text_encoder': (4.1532796633091316e-05, 149)}
2025-09-16 18:14:02,002 - echoclip.runner.runner - INFO - check optimizer `param_groups` lr @ epoch 28: {'Sequential_base': (4.093559974371726e-05, 1), 'Sequential_new': (4.093559974371726e-05, 0), 'abmil': (4.093559974371726e-05, 8), 'text_encoder': (4.093559974371726e-05, 149)}
2025-09-16 18:17:22,359 - echoclip.runner.runner - INFO - check optimizer `param_groups` lr @ epoch 29: {'Sequential_base': (4.0322676341324435e-05, 1), 'Sequential_new': (4.0322676341324435e-05, 0), 'abmil': (4.0322676341324435e-05, 8), 'text_encoder': (4.0322676341324435e-05, 149)}
2025-09-16 18:20:43,051 - echoclip.runner.runner - INFO - check optimizer `param_groups` lr @ epoch 30: {'Sequential_base': (3.969463130731186e-05, 1), 'Sequential_new': (3.969463130731186e-05, 0), 'abmil': (3.969463130731186e-05, 8), 'text_encoder': (3.969463130731186e-05, 149)}
2025-09-16 18:24:02,460 - echoclip.runner.runner - INFO - check optimizer `param_groups` lr @ epoch 31: {'Sequential_base': (3.9052084446303294e-05, 1), 'Sequential_new': (3.9052084446303294e-05, 0), 'abmil': (3.9052084446303294e-05, 8), 'text_encoder': (3.9052084446303294e-05, 149)}
2025-09-16 18:27:28,983 - echoclip.runner.runner - INFO - check optimizer `param_groups` lr @ epoch 32: {'Sequential_base': (3.839566987447494e-05, 1), 'Sequential_new': (3.839566987447494e-05, 0), 'abmil': (3.839566987447494e-05, 8), 'text_encoder': (3.839566987447494e-05, 149)}
2025-09-16 18:30:54,117 - echoclip.runner.runner - INFO - check optimizer `param_groups` lr @ epoch 33: {'Sequential_base': (3.772603539375931e-05, 1), 'Sequential_new': (3.772603539375931e-05, 0), 'abmil': (3.772603539375931e-05, 8), 'text_encoder': (3.772603539375931e-05, 149)}
2025-09-16 18:34:20,378 - echoclip.runner.runner - INFO - check optimizer `param_groups` lr @ epoch 34: {'Sequential_base': (3.704384185254291e-05, 1), 'Sequential_new': (3.704384185254291e-05, 0), 'abmil': (3.704384185254291e-05, 8), 'text_encoder': (3.704384185254291e-05, 149)}
2025-09-16 18:37:39,965 - echoclip.runner.runner - INFO - check optimizer `param_groups` lr @ epoch 35: {'Sequential_base': (3.63497624934887e-05, 1), 'Sequential_new': (3.63497624934887e-05, 0), 'abmil': (3.63497624934887e-05, 8), 'text_encoder': (3.63497624934887e-05, 149)}
2025-09-16 18:41:04,674 - echoclip.runner.runner - INFO - check optimizer `param_groups` lr @ epoch 36: {'Sequential_base': (3.564448228912685e-05, 1), 'Sequential_new': (3.564448228912685e-05, 0), 'abmil': (3.564448228912685e-05, 8), 'text_encoder': (3.564448228912685e-05, 149)}
2025-09-16 18:44:30,253 - echoclip.runner.runner - INFO - check optimizer `param_groups` lr @ epoch 37: {'Sequential_base': (3.492869726586954e-05, 1), 'Sequential_new': (3.492869726586954e-05, 0), 'abmil': (3.492869726586954e-05, 8), 'text_encoder': (3.492869726586954e-05, 149)}
2025-09-16 18:47:54,580 - echoclip.runner.runner - INFO - check optimizer `param_groups` lr @ epoch 38: {'Sequential_base': (3.4203113817116984e-05, 1), 'Sequential_new': (3.4203113817116984e-05, 0), 'abmil': (3.4203113817116984e-05, 8), 'text_encoder': (3.4203113817116984e-05, 149)}
2025-09-16 18:51:13,611 - echoclip.runner.runner - INFO - check optimizer `param_groups` lr @ epoch 39: {'Sequential_base': (3.346844800613232e-05, 1), 'Sequential_new': (3.346844800613232e-05, 0), 'abmil': (3.346844800613232e-05, 8), 'text_encoder': (3.346844800613232e-05, 149)}
2025-09-16 18:54:34,007 - echoclip.runner.runner - INFO - check optimizer `param_groups` lr @ epoch 40: {'Sequential_base': (3.272542485937372e-05, 1), 'Sequential_new': (3.272542485937372e-05, 0), 'abmil': (3.272542485937372e-05, 8), 'text_encoder': (3.272542485937372e-05, 149)}
2025-09-16 18:57:53,166 - echoclip.runner.runner - INFO - check optimizer `param_groups` lr @ epoch 41: {'Sequential_base': (3.197477765098077e-05, 1), 'Sequential_new': (3.197477765098077e-05, 0), 'abmil': (3.197477765098077e-05, 8), 'text_encoder': (3.197477765098077e-05, 149)}
2025-09-16 19:01:12,818 - echoclip.runner.runner - INFO - check optimizer `param_groups` lr @ epoch 42: {'Sequential_base': (3.12172471791214e-05, 1), 'Sequential_new': (3.12172471791214e-05, 0), 'abmil': (3.12172471791214e-05, 8), 'text_encoder': (3.12172471791214e-05, 149)}
2025-09-16 19:04:31,940 - echoclip.runner.runner - INFO - check optimizer `param_groups` lr @ epoch 43: {'Sequential_base': (3.0453581034913598e-05, 1), 'Sequential_new': (3.0453581034913598e-05, 0), 'abmil': (3.0453581034913598e-05, 8), 'text_encoder': (3.0453581034913598e-05, 149)}
2025-09-16 19:07:51,893 - echoclip.runner.runner - INFO - check optimizer `param_groups` lr @ epoch 44: {'Sequential_base': (2.968453286464315e-05, 1), 'Sequential_new': (2.968453286464315e-05, 0), 'abmil': (2.968453286464315e-05, 8), 'text_encoder': (2.968453286464315e-05, 149)}
2025-09-16 19:11:10,160 - echoclip.runner.runner - INFO - check optimizer `param_groups` lr @ epoch 45: {'Sequential_base': (2.8910861626005803e-05, 1), 'Sequential_new': (2.8910861626005803e-05, 0), 'abmil': (2.8910861626005803e-05, 8), 'text_encoder': (2.8910861626005803e-05, 149)}
2025-09-16 19:14:28,772 - echoclip.runner.runner - INFO - check optimizer `param_groups` lr @ epoch 46: {'Sequential_base': (2.8133330839107642e-05, 1), 'Sequential_new': (2.8133330839107642e-05, 0), 'abmil': (2.8133330839107642e-05, 8), 'text_encoder': (2.8133330839107642e-05, 149)}
2025-09-16 19:17:47,188 - echoclip.runner.runner - INFO - check optimizer `param_groups` lr @ epoch 47: {'Sequential_base': (2.7352707832962885e-05, 1), 'Sequential_new': (2.7352707832962885e-05, 0), 'abmil': (2.7352707832962885e-05, 8), 'text_encoder': (2.7352707832962885e-05, 149)}
2025-09-16 19:21:05,218 - echoclip.runner.runner - INFO - check optimizer `param_groups` lr @ epoch 48: {'Sequential_base': (2.6569762988232866e-05, 1), 'Sequential_new': (2.6569762988232866e-05, 0), 'abmil': (2.6569762988232866e-05, 8), 'text_encoder': (2.6569762988232866e-05, 149)}
2025-09-16 19:24:23,350 - echoclip.runner.runner - INFO - check optimizer `param_groups` lr @ epoch 49: {'Sequential_base': (2.5785268976953237e-05, 1), 'Sequential_new': (2.5785268976953237e-05, 0), 'abmil': (2.5785268976953237e-05, 8), 'text_encoder': (2.5785268976953237e-05, 149)}
2025-09-16 19:27:42,761 - echoclip.runner.runner - INFO - check optimizer `param_groups` lr @ epoch 50: {'Sequential_base': (2.5000000000000028e-05, 1), 'Sequential_new': (2.5000000000000028e-05, 0), 'abmil': (2.5000000000000028e-05, 8), 'text_encoder': (2.5000000000000028e-05, 149)}
2025-09-16 19:31:01,088 - echoclip.runner.runner - INFO - check optimizer `param_groups` lr @ epoch 51: {'Sequential_base': (2.421473102304682e-05, 1), 'Sequential_new': (2.421473102304682e-05, 0), 'abmil': (2.421473102304682e-05, 8), 'text_encoder': (2.421473102304682e-05, 149)}
2025-09-16 19:34:19,290 - echoclip.runner.runner - INFO - check optimizer `param_groups` lr @ epoch 52: {'Sequential_base': (2.343023701176719e-05, 1), 'Sequential_new': (2.343023701176719e-05, 0), 'abmil': (2.343023701176719e-05, 8), 'text_encoder': (2.343023701176719e-05, 149)}
2025-09-16 19:37:37,591 - echoclip.runner.runner - INFO - check optimizer `param_groups` lr @ epoch 53: {'Sequential_base': (2.2647292167037164e-05, 1), 'Sequential_new': (2.2647292167037164e-05, 0), 'abmil': (2.2647292167037164e-05, 8), 'text_encoder': (2.2647292167037164e-05, 149)}
2025-09-16 19:40:55,884 - echoclip.runner.runner - INFO - check optimizer `param_groups` lr @ epoch 54: {'Sequential_base': (2.1866669160892418e-05, 1), 'Sequential_new': (2.1866669160892418e-05, 0), 'abmil': (2.1866669160892418e-05, 8), 'text_encoder': (2.1866669160892418e-05, 149)}
2025-09-16 19:44:14,286 - echoclip.runner.runner - INFO - check optimizer `param_groups` lr @ epoch 55: {'Sequential_base': (2.108913837399425e-05, 1), 'Sequential_new': (2.108913837399425e-05, 0), 'abmil': (2.108913837399425e-05, 8), 'text_encoder': (2.108913837399425e-05, 149)}
2025-09-16 19:47:32,281 - echoclip.runner.runner - INFO - check optimizer `param_groups` lr @ epoch 56: {'Sequential_base': (2.0315467135356907e-05, 1), 'Sequential_new': (2.0315467135356907e-05, 0), 'abmil': (2.0315467135356907e-05, 8), 'text_encoder': (2.0315467135356907e-05, 149)}
2025-09-16 19:50:50,546 - echoclip.runner.runner - INFO - check optimizer `param_groups` lr @ epoch 57: {'Sequential_base': (1.9546418965086466e-05, 1), 'Sequential_new': (1.9546418965086466e-05, 0), 'abmil': (1.9546418965086466e-05, 8), 'text_encoder': (1.9546418965086466e-05, 149)}
2025-09-16 19:54:08,701 - echoclip.runner.runner - INFO - check optimizer `param_groups` lr @ epoch 58: {'Sequential_base': (1.878275282087865e-05, 1), 'Sequential_new': (1.878275282087865e-05, 0), 'abmil': (1.878275282087865e-05, 8), 'text_encoder': (1.878275282087865e-05, 149)}
2025-09-16 19:57:27,114 - echoclip.runner.runner - INFO - check optimizer `param_groups` lr @ epoch 59: {'Sequential_base': (1.8025222349019294e-05, 1), 'Sequential_new': (1.8025222349019294e-05, 0), 'abmil': (1.8025222349019294e-05, 8), 'text_encoder': (1.8025222349019294e-05, 149)}
2025-09-16 20:00:46,071 - echoclip.runner.runner - INFO - check optimizer `param_groups` lr @ epoch 60: {'Sequential_base': (1.7274575140626345e-05, 1), 'Sequential_new': (1.7274575140626345e-05, 0), 'abmil': (1.7274575140626345e-05, 8), 'text_encoder': (1.7274575140626345e-05, 149)}
2025-09-16 20:04:05,770 - echoclip.runner.runner - INFO - check optimizer `param_groups` lr @ epoch 61: {'Sequential_base': (1.6531551993867737e-05, 1), 'Sequential_new': (1.6531551993867737e-05, 0), 'abmil': (1.6531551993867737e-05, 8), 'text_encoder': (1.6531551993867737e-05, 149)}
2025-09-16 20:07:23,743 - echoclip.runner.runner - INFO - check optimizer `param_groups` lr @ epoch 62: {'Sequential_base': (1.579688618288308e-05, 1), 'Sequential_new': (1.579688618288308e-05, 0), 'abmil': (1.579688618288308e-05, 8), 'text_encoder': (1.579688618288308e-05, 149)}
2025-09-16 20:10:41,258 - echoclip.runner.runner - INFO - check optimizer `param_groups` lr @ epoch 63: {'Sequential_base': (1.5071302734130502e-05, 1), 'Sequential_new': (1.5071302734130502e-05, 0), 'abmil': (1.5071302734130502e-05, 8), 'text_encoder': (1.5071302734130502e-05, 149)}
2025-09-16 20:13:58,640 - echoclip.runner.runner - INFO - check optimizer `param_groups` lr @ epoch 64: {'Sequential_base': (1.4355517710873202e-05, 1), 'Sequential_new': (1.4355517710873202e-05, 0), 'abmil': (1.4355517710873202e-05, 8), 'text_encoder': (1.4355517710873202e-05, 149)}
2025-09-16 20:17:17,699 - echoclip.runner.runner - INFO - check optimizer `param_groups` lr @ epoch 65: {'Sequential_base': (1.365023750651135e-05, 1), 'Sequential_new': (1.365023750651135e-05, 0), 'abmil': (1.365023750651135e-05, 8), 'text_encoder': (1.365023750651135e-05, 149)}
2025-09-16 20:20:35,425 - echoclip.runner.runner - INFO - check optimizer `param_groups` lr @ epoch 66: {'Sequential_base': (1.2956158147457131e-05, 1), 'Sequential_new': (1.2956158147457131e-05, 0), 'abmil': (1.2956158147457131e-05, 8), 'text_encoder': (1.2956158147457131e-05, 149)}
2025-09-16 20:23:52,591 - echoclip.runner.runner - INFO - check optimizer `param_groups` lr @ epoch 67: {'Sequential_base': (1.2273964606240733e-05, 1), 'Sequential_new': (1.2273964606240733e-05, 0), 'abmil': (1.2273964606240733e-05, 8), 'text_encoder': (1.2273964606240733e-05, 149)}
2025-09-16 20:27:09,708 - echoclip.runner.runner - INFO - check optimizer `param_groups` lr @ epoch 68: {'Sequential_base': (1.1604330125525094e-05, 1), 'Sequential_new': (1.1604330125525094e-05, 0), 'abmil': (1.1604330125525094e-05, 8), 'text_encoder': (1.1604330125525094e-05, 149)}
2025-09-16 20:30:26,747 - echoclip.runner.runner - INFO - check optimizer `param_groups` lr @ epoch 69: {'Sequential_base': (1.0947915553696749e-05, 1), 'Sequential_new': (1.0947915553696749e-05, 0), 'abmil': (1.0947915553696749e-05, 8), 'text_encoder': (1.0947915553696749e-05, 149)}
2025-09-16 20:33:43,779 - echoclip.runner.runner - INFO - check optimizer `param_groups` lr @ epoch 70: {'Sequential_base': (1.030536869268819e-05, 1), 'Sequential_new': (1.030536869268819e-05, 0), 'abmil': (1.030536869268819e-05, 8), 'text_encoder': (1.030536869268819e-05, 149)}
2025-09-16 20:37:00,925 - echoclip.runner.runner - INFO - check optimizer `param_groups` lr @ epoch 71: {'Sequential_base': (9.677323658675599e-06, 1), 'Sequential_new': (9.677323658675599e-06, 0), 'abmil': (9.677323658675599e-06, 8), 'text_encoder': (9.677323658675599e-06, 149)}
2025-09-16 20:40:19,458 - echoclip.runner.runner - INFO - check optimizer `param_groups` lr @ epoch 72: {'Sequential_base': (9.06440025628277e-06, 1), 'Sequential_new': (9.06440025628277e-06, 0), 'abmil': (9.06440025628277e-06, 8), 'text_encoder': (9.06440025628277e-06, 149)}
2025-09-16 20:43:39,272 - echoclip.runner.runner - INFO - check optimizer `param_groups` lr @ epoch 73: {'Sequential_base': (8.46720336690872e-06, 1), 'Sequential_new': (8.46720336690872e-06, 0), 'abmil': (8.46720336690872e-06, 8), 'text_encoder': (8.46720336690872e-06, 149)}
2025-09-16 20:47:02,872 - echoclip.runner.runner - INFO - check optimizer `param_groups` lr @ epoch 74: {'Sequential_base': (7.886322351782794e-06, 1), 'Sequential_new': (7.886322351782794e-06, 0), 'abmil': (7.886322351782794e-06, 8), 'text_encoder': (7.886322351782794e-06, 149)}
2025-09-16 20:50:23,356 - echoclip.runner.runner - INFO - check optimizer `param_groups` lr @ epoch 75: {'Sequential_base': (7.322330470336325e-06, 1), 'Sequential_new': (7.322330470336325e-06, 0), 'abmil': (7.322330470336325e-06, 8), 'text_encoder': (7.322330470336325e-06, 149)}
2025-09-16 20:53:46,366 - echoclip.runner.runner - INFO - check optimizer `param_groups` lr @ epoch 76: {'Sequential_base': (6.775784314464728e-06, 1), 'Sequential_new': (6.775784314464728e-06, 0), 'abmil': (6.775784314464728e-06, 8), 'text_encoder': (6.775784314464728e-06, 149)}
2025-09-16 20:57:07,820 - echoclip.runner.runner - INFO - check optimizer `param_groups` lr @ epoch 77: {'Sequential_base': (6.24722325923852e-06, 1), 'Sequential_new': (6.24722325923852e-06, 0), 'abmil': (6.24722325923852e-06, 8), 'text_encoder': (6.24722325923852e-06, 149)}
2025-09-16 21:00:25,708 - echoclip.runner.runner - INFO - check optimizer `param_groups` lr @ epoch 78: {'Sequential_base': (5.737168930605281e-06, 1), 'Sequential_new': (5.737168930605281e-06, 0), 'abmil': (5.737168930605281e-06, 8), 'text_encoder': (5.737168930605281e-06, 149)}
2025-09-16 21:03:43,758 - echoclip.runner.runner - INFO - check optimizer `param_groups` lr @ epoch 79: {'Sequential_base': (5.246124690607749e-06, 1), 'Sequential_new': (5.246124690607749e-06, 0), 'abmil': (5.246124690607749e-06, 8), 'text_encoder': (5.246124690607749e-06, 149)}
2025-09-16 21:07:03,687 - echoclip.runner.runner - INFO - check optimizer `param_groups` lr @ epoch 80: {'Sequential_base': (4.774575140626324e-06, 1), 'Sequential_new': (4.774575140626324e-06, 0), 'abmil': (4.774575140626324e-06, 8), 'text_encoder': (4.774575140626324e-06, 149)}
2025-09-16 21:10:21,362 - echoclip.runner.runner - INFO - check optimizer `param_groups` lr @ epoch 81: {'Sequential_base': (4.322985643135964e-06, 1), 'Sequential_new': (4.322985643135964e-06, 0), 'abmil': (4.322985643135964e-06, 8), 'text_encoder': (4.322985643135964e-06, 149)}
2025-09-16 21:13:39,305 - echoclip.runner.runner - INFO - check optimizer `param_groups` lr @ epoch 82: {'Sequential_base': (3.891801862449635e-06, 1), 'Sequential_new': (3.891801862449635e-06, 0), 'abmil': (3.891801862449635e-06, 8), 'text_encoder': (3.891801862449635e-06, 149)}
2025-09-16 21:16:57,523 - echoclip.runner.runner - INFO - check optimizer `param_groups` lr @ epoch 83: {'Sequential_base': (3.4814493249014116e-06, 1), 'Sequential_new': (3.4814493249014116e-06, 0), 'abmil': (3.4814493249014116e-06, 8), 'text_encoder': (3.4814493249014116e-06, 149)}
2025-09-16 21:20:18,448 - echoclip.runner.runner - INFO - check optimizer `param_groups` lr @ epoch 84: {'Sequential_base': (3.0923329989034154e-06, 1), 'Sequential_new': (3.0923329989034154e-06, 0), 'abmil': (3.0923329989034154e-06, 8), 'text_encoder': (3.0923329989034154e-06, 149)}
2025-09-16 21:23:39,728 - echoclip.runner.runner - INFO - check optimizer `param_groups` lr @ epoch 85: {'Sequential_base': (2.7248368952908095e-06, 1), 'Sequential_new': (2.7248368952908095e-06, 0), 'abmil': (2.7248368952908095e-06, 8), 'text_encoder': (2.7248368952908095e-06, 149)}
2025-09-16 21:27:00,066 - echoclip.runner.runner - INFO - check optimizer `param_groups` lr @ epoch 86: {'Sequential_base': (2.37932368834952e-06, 1), 'Sequential_new': (2.37932368834952e-06, 0), 'abmil': (2.37932368834952e-06, 8), 'text_encoder': (2.37932368834952e-06, 149)}
2025-09-16 21:30:17,589 - echoclip.runner.runner - INFO - check optimizer `param_groups` lr @ epoch 87: {'Sequential_base': (2.0561343579004804e-06, 1), 'Sequential_new': (2.0561343579004804e-06, 0), 'abmil': (2.0561343579004804e-06, 8), 'text_encoder': (2.0561343579004804e-06, 149)}
2025-09-16 21:33:35,341 - echoclip.runner.runner - INFO - check optimizer `param_groups` lr @ epoch 88: {'Sequential_base': (1.7555878527937192e-06, 1), 'Sequential_new': (1.7555878527937192e-06, 0), 'abmil': (1.7555878527937192e-06, 8), 'text_encoder': (1.7555878527937192e-06, 149)}
2025-09-16 21:36:53,221 - echoclip.runner.runner - INFO - check optimizer `param_groups` lr @ epoch 89: {'Sequential_base': (1.4779807761443662e-06, 1), 'Sequential_new': (1.4779807761443662e-06, 0), 'abmil': (1.4779807761443662e-06, 8), 'text_encoder': (1.4779807761443662e-06, 149)}
2025-09-16 21:40:10,997 - echoclip.runner.runner - INFO - check optimizer `param_groups` lr @ epoch 90: {'Sequential_base': (1.2235870926211638e-06, 1), 'Sequential_new': (1.2235870926211638e-06, 0), 'abmil': (1.2235870926211638e-06, 8), 'text_encoder': (1.2235870926211638e-06, 149)}
2025-09-16 21:43:28,711 - echoclip.runner.runner - INFO - check optimizer `param_groups` lr @ epoch 91: {'Sequential_base': (9.926578580764278e-07, 1), 'Sequential_new': (9.926578580764278e-07, 0), 'abmil': (9.926578580764278e-07, 8), 'text_encoder': (9.926578580764278e-07, 149)}
2025-09-16 21:46:46,256 - echoclip.runner.runner - INFO - check optimizer `param_groups` lr @ epoch 92: {'Sequential_base': (7.854209717842272e-07, 1), 'Sequential_new': (7.854209717842272e-07, 0), 'abmil': (7.854209717842272e-07, 8), 'text_encoder': (7.854209717842272e-07, 149)}
2025-09-16 21:50:04,056 - echoclip.runner.runner - INFO - check optimizer `param_groups` lr @ epoch 93: {'Sequential_base': (6.020809515313179e-07, 1), 'Sequential_new': (6.020809515313179e-07, 0), 'abmil': (6.020809515313179e-07, 8), 'text_encoder': (6.020809515313179e-07, 149)}
2025-09-16 21:53:21,890 - echoclip.runner.runner - INFO - check optimizer `param_groups` lr @ epoch 94: {'Sequential_base': (4.4281873178278274e-07, 1), 'Sequential_new': (4.4281873178278274e-07, 0), 'abmil': (4.4281873178278274e-07, 8), 'text_encoder': (4.4281873178278274e-07, 149)}
2025-09-16 21:56:39,724 - echoclip.runner.runner - INFO - check optimizer `param_groups` lr @ epoch 95: {'Sequential_base': (3.0779148512155904e-07, 1), 'Sequential_new': (3.0779148512155904e-07, 0), 'abmil': (3.0779148512155904e-07, 8), 'text_encoder': (3.0779148512155904e-07, 149)}
2025-09-16 21:59:57,190 - echoclip.runner.runner - INFO - check optimizer `param_groups` lr @ epoch 96: {'Sequential_base': (1.9713246713805623e-07, 1), 'Sequential_new': (1.9713246713805623e-07, 0), 'abmil': (1.9713246713805623e-07, 8), 'text_encoder': (1.9713246713805623e-07, 149)}
2025-09-16 22:03:14,417 - echoclip.runner.runner - INFO - check optimizer `param_groups` lr @ epoch 97: {'Sequential_base': (1.1095088492300029e-07, 1), 'Sequential_new': (1.1095088492300029e-07, 0), 'abmil': (1.1095088492300029e-07, 8), 'text_encoder': (1.1095088492300029e-07, 149)}
2025-09-16 22:06:31,869 - echoclip.runner.runner - INFO - check optimizer `param_groups` lr @ epoch 98: {'Sequential_base': (4.933178929321111e-08, 1), 'Sequential_new': (4.933178929321111e-08, 0), 'abmil': (4.933178929321111e-08, 8), 'text_encoder': (4.933178929321111e-08, 149)}
2025-09-16 22:09:49,265 - echoclip.runner.runner - INFO - check optimizer `param_groups` lr @ epoch 99: {'Sequential_base': (1.233599085671002e-08, 1), 'Sequential_new': (1.233599085671002e-08, 0), 'abmil': (1.233599085671002e-08, 8), 'text_encoder': (1.233599085671002e-08, 149)}
2025-09-16 22:14:54,530 - __main__ - INFO - End training.
2025-09-16 22:14:54,531 - __main__ - INFO - Start testing ckpt: results/MICCAI/few-shot/8-shot/5e-5/version_2/ckpts/last.ckpt.
2025-09-16 22:14:54,933 - echoclip.utils.registry - INFO - Build obj: EchoCLIP
2025-09-16 22:14:54,934 - echoclip.models.echoclip - INFO - irrelevant kwargs: {'prompt_learner_cfg': {'type': 'PlainPromptLearner', 'num_ranks': 5, 'num_base_ranks': 3, 'num_tokens_per_rank': 10, 'num_context_tokens': 10, 'rank_tokens_position': 'tail', 'init_rank_path': 'datasets/classnames_num.txt', 'init_context': 'THE LEFT VENTRICULAR EJECTION FRACTION IS ESTIMATED TO BE', 'rank_specific_context': False, 'interpolation_type': 'linear'}}
2025-09-16 22:16:45,294 - __main__ - INFO - End testing ckpt: results/MICCAI/few-shot/8-shot/5e-5/version_2/ckpts/last.ckpt.
2025-09-16 22:16:45,294 - __main__ - INFO - Start testing ckpt: results/MICCAI/few-shot/8-shot/5e-5/version_2/ckpts/epoch=60-val_mae_exp_metric=5.9946.ckpt.
2025-09-16 22:16:45,705 - echoclip.utils.registry - INFO - Build obj: EchoCLIP
2025-09-16 22:16:45,705 - echoclip.models.echoclip - INFO - irrelevant kwargs: {'prompt_learner_cfg': {'type': 'PlainPromptLearner', 'num_ranks': 5, 'num_base_ranks': 3, 'num_tokens_per_rank': 10, 'num_context_tokens': 10, 'rank_tokens_position': 'tail', 'init_rank_path': 'datasets/classnames_num.txt', 'init_context': 'THE LEFT VENTRICULAR EJECTION FRACTION IS ESTIMATED TO BE', 'rank_specific_context': False, 'interpolation_type': 'linear'}}
2025-09-16 22:18:35,962 - __main__ - INFO - End testing ckpt: results/MICCAI/few-shot/8-shot/5e-5/version_2/ckpts/epoch=60-val_mae_exp_metric=5.9946.ckpt.
2025-09-16 22:18:35,963 - __main__ - INFO - End.
